0 1 16
0 3 11
0 3 26
0 3 26
0 3 36
0 5 0
0 6 28
0 6 39
0 7 22
0 8 30
0 9 10
0 10 3
0 10 45
0 12 32
0 14 47
0 15 12
0 15 13
0 15 18
0 15 47
0 15 57
0 16 17
0 16 28
0 19 19
0 20 34
0 20 37
0 21 48
0 25 24
0 26 58
0 27 5
0 31 48
0 34 15
0 36 0
0 38 23
0 38 54
0 39 12
0 39 22
0 39 54
0 40 4
0 42 12
0 42 47
0 43 11
0 45 20
0 45 43
0 47 41
0 49 18
0 49 36
0 49 47
0 51 30
0 52 44
0 55 36
0 55 38
0 57 49
1 0 54
1 4 35
1 5 4
1 8 56
1 9 44
1 11 55
1 15 30
1 15 39
1 15 41
1 16 13
1 17 23
1 17 31
1 17 59
1 19 37
1 21 49
1 22 3
1 22 29
1 24 39
1 27 18
1 27 25
1 30 43
1 30 54
1 30 58
1 31 27
1 31 39
1 34 10
1 36 1
1 37 56
1 38 44
1 40 40
1 41 5
1 41 30
1 43 13
1 43 56
1 46 10
1 47 27
1 47 54
1 48 14
1 48 46
1 50 4
1 56 13
1 59 9
1 59 34
2 0 14
2 1 48
2 1 53
2 2 33
2 2 40
2 3 19
2 4 7
2 6 17
2 6 22
2 9 17
2 10 56
2 11 4
2 12 28
2 12 42
2 13 1
2 13 19
2 13 40
2 14 39
2 16 32
2 18 40
2 18 52
2 20 8
2 20 57
2 21 21
2 21 21
2 22 28
2 23 19
2 24 27
2 25 7
2 25 10
2 26 45
2 27 58
2 29 16
2 29 23
2 29 36
2 33 41
2 35 8
2 36 51
2 37 21
2 39 3
2 39 20
2 39 23
2 39 26
2 40 44
2 41 33
2 42 34
2 43 0
2 43 42
2 44 15
2 44 37
2 44 39
2 44 54
2 45 32
2 46 3
2 49 23
2 51 31
2 55 33
2 57 30
2 58 41
2 58 56
3 0 57
3 1 37
3 3 39
3 4 1
3 5 33
3 8 3
3 9 39
3 9 45
3 12 43
3 12 49
3 14 44
3 15 22
3 20 36
3 26 15
3 27 20
3 30 7
3 30 36
3 31 5
3 31 29
3 32 17
3 33 13
3 33 13
3 34 5
3 37 9
3 37 58
3 39 54
3 40 50
3 41 56
3 41 58
3 42 5
3 44 11
3 45 27
3 46 28
3 46 37
3 47 54
3 48 46
3 49 28
3 49 34
3 51 34
3 52 34
3 53 23
3 53 40
3 56 57
3 58 15
3 59 7
4 1 31
4 2 2
4 4 25
4 4 28
4 6 51
4 7 16
4 8 54
4 8 55
4 9 57
4 10 15
4 10 51
4 11 17
4 11 55
4 12 53
4 14 24
4 14 50
4 15 27
4 15 44
4 17 41
4 17 59
4 18 37
4 18 41
4 19 4
4 20 21
4 21 37
4 21 41
4 26 25
4 28 18
4 31 39
4 31 46
4 33 10
4 35 10
4 36 46
4 38 6
4 38 24
4 38 43
4 40 57
4 43 25
4 44 12
4 45 43
4 47 23
4 47 31
4 49 2
4 49 8
4 51 24
4 52 35
4 52 55
4 53 43
4 56 11
4 56 37
4 56 47
4 56 57
4 58 24
4 58 26
4 58 41
5 0 20
5 0 32
5 0 40
5 3 6
5 3 32
5 4 36
5 6 4
5 9 16
5 10 37
5 11 11
5 12 3
5 15 6
5 15 12
5 18 22
5 18 25
5 18 27
5 18 48
5 20 58
5 21 4
5 21 52
5 22 24
5 26 32
5 26 48
5 27 6
5 29 5
5 29 9
5 30 5
5 31 34
5 31 54
5 33 29
5 33 40
5 34 29
5 35 9
5 35 23
5 35 55
5 36 15
5 36 39
5 37 34
5 38 23
5 39 35
5 40 7
5 40 16
5 40 41
5 41 45
5 42 42
5 43 24
5 43 55
5 45 43
5 46 40
5 49 47
5 51 17
5 51 56
5 51 58
5 53 53
5 56 0
5 56 51
5 58 2
5 58 15
5 58 30
5 58 34
5 59 55
6 1 43
6 3 33
6 4 24
6 5 11
6 6 56
6 9 24
6 10 22
6 10 45
6 11 37
6 13 5
6 13 13
6 15 40
6 17 36
6 17 53
6 20 59
6 23 11
6 23 44
6 23 50
6 24 16
6 28 3
6 33 2
6 34 16
6 34 31
6 38 9
6 38 13
6 39 47
6 40 24
6 40 52
6 42 36
6 42 42
6 43 42
6 45 38
6 49 4
6 49 44
6 49 56
6 50 13
6 51 6
6 51 12
6 53 15
6 53 26
6 53 27
6 55 13
6 55 39
6 56 23
6 56 54
6 57 57
6 58 59
7 2 23
7 2 49
7 6 41
7 7 42
7 7 43
7 8 5
7 8 23
7 8 28
7 9 53
7 12 3
7 13 28
7 14 8
7 15 14
7 18 49
7 19 3
7 20 46
7 23 33
7 24 19
7 26 25
7 27 4
7 27 7
7 29 38
7 30 9
7 31 32
7 31 56
7 32 27
7 32 40
7 37 47
7 38 5
7 38 11
7 38 19
7 39 1
7 41 1
7 43 6
7 43 40
7 43 47
7 44 14
7 44 18
7 44 25
7 44 58
7 45 55
7 46 9
7 46 38
7 48 42
7 48 55
7 52 19
7 52 48
7 53 5
7 54 18
7 54 21
7 56 47
7 57 4
7 59 47
8 2 46
8 5 33
8 6 23
8 7 7
8 7 43
8 9 9
8 10 14
8 15 7
8 15 44
8 16 22
8 16 46
8 19 3
8 22 4
8 22 37
8 25 1
8 25 4
8 25 54
8 26 30
8 26 40
8 27 18
8 27 41
8 27 58
8 29 10
8 29 16
8 30 7
8 30 59
8 31 20
8 32 35
8 33 15
8 35 12
8 37 5
8 38 13
8 39 15
8 40 26
8 44 48
8 45 23
8 45 35
8 45 38
8 47 11
8 48 6
8 48 17
8 49 52
8 51 0
8 51 18
8 56 40
8 57 57
8 58 44
9 0 9
9 1 9
9 1 36
9 2 43
9 2 46
9 5 19
9 5 28
9 7 36
9 7 57
9 10 8
9 12 59
9 14 37
9 15 49
9 17 5
9 18 15
9 18 22
9 21 22
9 22 37
9 24 25
9 25 7
9 28 17
9 29 1
9 29 40
9 30 47
9 33 54
9 37 0
9 39 45
9 40 43
9 41 43
9 43 2
9 44 0
9 44 38
9 45 18
9 45 58
9 46 4
9 49 52
9 50 3
9 50 46
9 51 41
9 54 6
9 54 44
9 56 46
9 57 13
9 57 25
9 57 44
9 58 5
10 2 53
10 4 21
10 5 22
10 5 38
10 5 56
10 6 18
10 6 45
10 8 33
10 10 2
10 10 51
10 10 56
10 11 28
10 11 51
10 12 29
10 13 10
10 13 23
10 14 34
10 14 58
10 17 0
10 18 24
10 18 27
10 18 48
10 20 22
10 21 9
10 21 11
10 21 34
10 24 20
10 24 37
10 24 40
10 24 43
10 24 54
10 25 52
10 30 57
10 33 2
10 33 58
10 34 22
10 34 26
10 34 46
10 36 49
10 37 3
10 37 19
10 38 34
10 38 59
10 39 33
10 41 47
10 45 14
10 45 55
10 46 16
10 48 22
10 49 6
10 49 25
10 50 21
10 50 23
10 50 26
10 50 49
10 50 53
10 53 32
10 54 51
10 56 20
10 56 43
10 58 18
10 58 57
10 59 59
11 3 43
11 4 27
11 4 53
11 5 19
11 7 12
11 7 37
11 9 48
11 10 12
11 11 26
11 11 58
11 12 7
11 13 40
11 15 4
11 15 29
11 15 48
11 17 0
11 17 30
11 19 39
11 20 24
11 20 52
11 21 8
11 27 45
11 28 4
11 32 35
11 34 24
11 34 28
11 35 17
11 36 14
11 38 39
11 40 11
11 40 48
11 43 7
11 46 21
11 46 30
11 47 21
11 48 15
11 49 0
11 50 31
11 51 42
11 53 38
11 54 23
11 54 36
11 55 46
11 56 2
11 57 1
11 57 32
11 58 51
12 0 45
12 1 46
12 2 20
12 3 22
12 4 37
12 5 36
12 5 43
12 9 41
12 11 24
12 11 41
12 14 50
12 16 52
12 17 9
12 18 47
12 25 12
12 25 34
12 26 17
12 28 57
12 29 26
12 30 43
12 32 44
12 32 55
12 34 54
12 35 19
12 35 52
12 36 21
12 36 48
12 37 48
12 38 43
12 38 55
12 39 59
12 40 14
12 41 15
12 43 9
12 46 23
12 49 22
12 49 51
12 49 53
12 50 22
12 51 5
12 51 16
12 51 43
12 52 6
12 53 19
12 53 57
12 54 32
12 55 37
12 56 49
12 57 13
12 57 19
12 57 31
12 58 16
13 0 44
13 3 40
13 5 15
13 6 32
13 6 50
13 8 59
13 10 50
13 11 32
13 12 7
13 12 9
13 13 17
13 16 11
13 16 18
13 17 15
13 17 46
13 18 4
13 20 20
13 21 9
13 26 12
13 26 45
13 28 42
13 31 7
13 32 19
13 32 50
13 35 55
13 36 59
13 39 21
13 39 33
13 43 6
13 43 38
13 44 4
13 44 19
13 45 39
13 46 9
13 46 23
13 46 50
13 47 26
13 47 40
13 48 18
13 50 46
13 50 54
13 53 22
13 53 31
13 54 2
13 56 55
13 58 14
13 58 48
13 59 3
14 0 47
14 1 34
14 1 46
14 4 42
14 4 48
14 5 25
14 7 0
14 8 17
14 8 23
14 9 31
14 11 44
14 13 0
14 13 7
14 14 16
14 14 46
14 15 9
14 15 10
14 15 40
14 15 55
14 17 29
14 18 21
14 18 47
14 21 39
14 24 1
14 24 28
14 24 46
14 27 51
14 28 0
14 29 25
14 29 41
14 30 50
14 31 19
14 32 44
14 35 20
14 35 49
14 37 8
14 38 27
14 38 44
14 40 18
14 41 0
14 42 29
14 44 30
14 46 49
14 47 11
14 47 51
14 49 56
14 50 7
14 50 39
14 51 22
14 52 13
14 52 28
14 53 7
14 53 22
14 53 40
14 55 14
14 55 15
14 56 33
14 57 35
14 57 35
14 57 36
14 57 53
15 0 5
15 1 24
15 2 58
15 3 27
15 4 37
15 9 0
15 9 13
15 11 49
15 12 3
15 12 33
15 15 14
15 17 0
15 17 18
15 17 56
15 18 48
15 21 58
15 22 39
15 25 24
15 25 45
15 26 1
15 29 46
15 29 47
15 31 2
15 31 39
15 32 46
15 33 32
15 36 27
15 43 59
15 44 48
15 45 2
15 46 37
15 48 1
15 48 18
15 48 25
15 52 24
15 52 46
15 52 50
15 53 2
15 53 41
15 56 37
15 59 7
15 59 34
16 0 33
16 0 52
16 1 0
16 1 0
16 2 28
16 2 32
16 2 38
16 6 11
16 7 15
16 8 5
16 8 45
16 8 53
16 9 34
16 13 14
16 13 55
16 14 20
16 15 36
16 19 14
16 19 45
16 20 17
16 20 50
16 23 38
16 23 55
16 26 18
16 27 19
16 28 47
16 30 33
16 30 34
16 30 53
16 31 52
16 32 46
16 33 51
16 33 57
16 36 41
16 37 45
16 39 51
16 39 54
16 46 0
16 46 9
16 47 19
16 49 36
16 49 56
16 51 7
16 51 31
16 53 53
16 54 18
16 54 30
16 56 28
17 1 25
17 3 45
17 4 36
17 4 36
17 5 21
17 5 26
17 5 27
17 7 12
17 8 24
17 11 0
17 11 0
17 16 31
17 16 49
17 18 27
17 19 53
17 20 50
17 20 51
17 21 36
17 24 29
17 25 56
17 31 46
17 32 15
17 32 38
17 33 30
17 34 56
17 35 28
17 35 55
17 35 56
17 37 21
17 38 21
17 38 45
17 40 25
17 40 46
17 44 43
17 47 5
17 47 22
17 48 46
17 50 21
17 50 47
17 52 8
17 52 43
17 54 36
17 55 17
17 56 10
17 59 44
18 2 14
18 2 34
18 2 36
18 2 38
18 3 15
18 3 54
18 4 57
18 6 43
18 7 11
18 8 46
18 9 31
18 9 36
18 13 12
18 13 50
18 14 29
18 16 11
18 17 21
18 17 51
18 18 9
18 23 43
18 26 3
18 26 53
18 31 39
18 32 54
18 33 3
18 37 57
18 38 54
18 41 4
18 41 42
18 41 57
18 42 23
18 43 3
18 43 44
18 45 46
18 45 53
18 48 18
18 48 25
18 50 22
18 50 54
18 52 12
18 53 18
18 53 27
18 54 2
18 54 33
18 56 38
18 57 0
18 58 34
19 1 19
19 3 41
19 5 53
19 7 38
19 7 57
19 9 1
19 9 57
19 11 13
19 11 38
19 12 45
19 17 5
19 18 51
19 22 39
19 23 15
19 24 9
19 24 28
19 28 26
19 28 39
19 29 27
19 30 45
19 30 58
19 34 28
19 35 19
19 36 12
19 37 14
19 37 38
19 38 3
19 41 5
19 41 33
19 43 22
19 44 2
19 44 42
19 45 37
19 45 46
19 46 9
19 47 12
19 48 47
19 50 10
19 50 11
19 50 17
19 51 56
19 53 10
19 53 54
19 54 23
19 55 15
19 56 1
19 57 32
19 57 54
19 58 54
19 59 12
20 1 13
20 1 29
20 2 47
20 4 24
20 5 25
20 8 48
20 9 19
20 10 36
20 11 33
20 11 55
20 11 56
20 14 17
20 16 57
20 19 22
20 20 44
20 21 56
20 24 34
20 26 2
20 26 46
20 27 6
20 27 29
20 30 5
20 30 28
20 32 9
20 32 35
20 32 56
20 35 32
20 36 1
20 36 35
20 37 0
20 37 10
20 37 56
20 38 17
20 39 33
20 40 3
20 43 17
20 49 2
20 51 51
20 52 10
20 54 10
20 55 45
20 55 48
20 57 24
20 57 31
20 57 51
20 58 26
21 0 46
21 1 43
21 2 20
21 2 35
21 8 19
21 9 10
21 10 24
21 11 5
21 14 33
21 15 13
21 16 22
21 17 57
21 18 22
21 19 30
21 19 39
21 21 6
21 21 18
21 21 32
21 23 10
21 23 56
21 28 14
21 28 16
21 28 38
21 28 45
21 29 1
21 29 4
21 29 47
21 34 4
21 35 8
21 36 29
21 38 38
21 38 40
21 38 58
21 39 25
21 43 42
21 43 49
21 44 10
21 47 53
21 49 4
21 49 19
21 51 43
21 52 11
21 52 13
21 52 29
21 53 12
21 53 40
21 55 12
21 55 54
21 56 24
21 56 36
21 56 39
21 58 35
21 59 56
22 1 9
22 1 44
22 3 30
22 3 42
22 3 49
22 4 18
22 4 36
22 6 5
22 8 59
22 10 50
22 12 46
22 12 51
22 14 51
22 15 30
22 16 2
22 16 15
22 17 22
22 21 52
22 21 58
22 22 26
22 23 3
22 23 15
22 24 23
22 27 40
22 29 54
22 30 50
22 33 52
22 38 34
22 38 56
22 39 9
22 39 13
22 39 19
22 39 23
22 39 38
22 42 13
22 44 6
22 44 31
22 45 25
22 45 37
22 45 55
22 49 26
22 52 46
22 53 51
22 54 56
22 55 10
22 55 47
22 57 27
23 0 27
23 1 5
23 2 37
23 2 58
23 4 5
23 4 11
23 4 33
23 4 51
23 5 23
23 5 24
23 6 57
23 8 1
23 8 2
23 10 22
23 11 8
23 11 55
23 13 55
23 13 56
23 15 9
23 15 39
23 17 2
23 19 57
23 20 32
23 21 7
23 22 32
23 22 35
23 22 47
23 24 48
23 25 59
23 28 14
23 29 2
23 29 24
23 30 3
23 32 51
23 34 48
23 34 48
23 35 21
23 35 24
23 35 52
23 37 18
23 39 38
23 39 43
23 41 30
23 41 36
23 42 28
23 44 21
23 45 45
23 49 18
23 49 43
23 49 45
23 50 29
23 52 28
23 52 36
23 59 2
24 2 3
24 3 16
24 4 35
24 4 57
24 6 9
24 6 43
24 7 59
24 10 5
24 10 17
24 10 51
24 11 42
24 12 44
24 15 17
24 17 29
24 21 11
24 22 23
24 24 6
24 25 5
24 25 39
24 27 57
24 29 50
24 31 42
24 32 1
24 32 20
24 32 50
24 33 54
24 35 43
24 35 53
24 36 10
24 36 28
24 36 50
24 39 19
24 39 21
24 40 26
24 40 30
24 40 47
24 42 41
24 43 51
24 45 44
24 49 1
24 49 43
24 50 44
24 50 49
24 51 1
24 52 42
24 52 58
24 58 2
24 58 29
24 59 30
25 6 2
25 7 18
25 7 20
25 9 4
25 10 5
25 10 33
25 11 32
25 12 20
25 13 0
25 17 48
25 18 42
25 20 8
25 21 23
25 22 38
25 22 40
25 23 46
25 26 54
25 28 54
25 29 38
25 30 48
25 30 48
25 31 0
25 32 13
25 34 41
25 35 4
25 35 35
25 35 47
25 38 28
25 39 35
25 40 52
25 42 13
25 45 51
25 46 9
25 49 10
25 53 44
25 54 7
25 54 19
25 55 36
25 56 31
25 58 2
25 58 10
26 2 0
26 4 0
26 6 40
26 6 46
26 7 3
26 7 24
26 7 36
26 9 37
26 10 20
26 11 24
26 11 57
26 12 36
26 13 21
26 13 39
26 15 8
26 16 1
26 18 26
26 18 30
26 19 9
26 20 35
26 21 40
26 22 27
26 23 39
26 24 51
26 25 15
26 25 21
26 26 24
26 27 37
26 27 57
26 28 15
26 29 29
26 31 20
26 32 5
26 33 44
26 35 21
26 39 10
26 39 40
26 40 8
26 40 20
26 41 12
26 41 23
26 41 39
26 43 25
26 43 47
26 46 4
26 47 39
26 48 18
26 53 24
26 54 5
26 54 11
26 56 54
26 58 0
27 0 42
27 0 42
27 0 47
27 1 12
27 1 17
27 2 2
27 2 51
27 3 31
27 4 55
27 5 51
27 7 8
27 7 27
27 9 2
27 11 1
27 12 10
27 12 17
27 12 21
27 13 9
27 13 57
27 14 2
27 15 40
27 16 12
27 16 46
27 18 33
27 22 58
27 25 45
27 26 32
27 27 7
27 27 9
27 28 20
27 30 35
27 31 36
27 31 36
27 31 37
27 32 52
27 33 40
27 34 10
27 34 16
27 36 22
27 37 49
27 38 9
27 41 18
27 41 34
27 41 44
27 42 1
27 43 47
27 45 46
27 45 57
27 46 16
27 48 55
27 49 27
27 50 56
27 51 7
27 52 20
27 57 24
27 58 14
27 59 20
27 59 23
28 0 18
28 3 3
28 3 58
28 4 27
28 5 34
28 8 37
28 9 5
28 11 19
28 11 30
28 16 46
28 17 35
28 18 20
28 19 0
28 19 26
28 20 26
28 21 35
28 22 43
28 22 52
28 23 16
28 24 39
28 25 43
28 28 34
28 29 57
28 30 18
28 30 48
28 32 42
28 34 33
28 35 57
28 38 5
28 38 27
28 39 1
28 41 35
28 44 26
28 45 22
28 46 44
28 47 17
28 47 45
28 51 8
28 53 41
28 55 44
28 56 49
28 58 58
28 59 21
28 59 46
29 2 54
29 3 18
29 4 7
29 5 9
29 5 53
29 6 28
29 6 29
29 6 45
29 7 9
29 7 16
29 8 46
29 9 3
29 9 12
29 10 19
29 14 15
29 14 46
29 14 56
29 15 15
29 20 53
29 24 19
29 24 42
29 24 46
29 28 11
29 30 7
29 31 41
29 32 34
29 33 15
29 37 19
29 37 39
29 38 28
29 38 45
29 40 4
29 40 55
29 41 12
29 41 33
29 41 39
29 42 33
29 43 12
29 45 55
29 50 31
29 50 42
29 50 51
29 52 18
29 53 12
29 54 2
29 57 32
29 58 36
29 58 43
30 0 16
30 1 16
30 1 17
30 1 33
30 1 45
30 1 49
30 4 27
30 6 49
30 7 13
30 7 35
30 8 22
30 9 53
30 11 4
30 12 2
30 12 6
30 16 44
30 18 7
30 18 9
30 18 13
30 19 20
30 21 17
30 21 20
30 21 27
30 23 41
30 24 24
30 25 8
30 25 10
30 26 50
30 26 52
30 27 3
30 28 29
30 29 47
30 29 49
30 30 9
30 33 36
30 33 39
30 34 35
30 34 54
30 36 55
30 37 41
30 38 16
30 40 57
30 41 48
30 42 53
30 44 48
30 45 14
30 47 7
30 50 12
30 50 28
30 50 52
30 51 36
30 52 33
30 52 33
30 52 49
30 53 28
30 54 10
30 54 21
30 55 12
30 57 22
30 58 42
31 2 5
31 3 41
31 4 9
31 5 20
31 9 3
31 10 34
31 10 35
31 11 38
31 13 44
31 14 31
31 17 11
31 17 23
31 20 36
31 22 50
31 23 35
31 24 19
31 24 52
31 25 53
31 28 37
31 28 49
31 29 25
31 34 12
31 35 12
31 35 12
31 35 44
31 37 11
31 37 55
31 39 10
31 43 57
31 44 27
31 46 52
31 47 42
31 47 45
31 50 18
31 50 40
31 50 45
31 54 29
31 55 7
31 55 59
31 58 5
32 0 5
32 0 16
32 1 21
32 2 20
32 3 39
32 3 54
32 4 11
32 4 51
32 4 55
32 5 6
32 5 33
32 5 54
32 10 23
32 10 43
32 11 41
32 11 45
32 13 2
32 18 13
32 19 16
32 23 37
32 34 28
32 35 36
32 37 44
32 38 3
32 38 38
32 41 14
32 41 31
32 41 56
32 43 47
32 44 16
32 44 34
32 45 31
32 46 19
32 47 10
32 47 23
32 49 12
32 49 24
32 49 34
32 53 8
32 59 30
32 59 47
33 2 8
33 3 45
33 5 10
33 8 18
33 10 22
33 11 20
33 11 44
33 11 50
33 13 15
33 15 4
33 15 28
33 15 53
33 16 48
33 18 48
33 18 53
33 22 3
33 22 45
33 25 33
33 27 31
33 27 31
33 29 13
33 29 56
33 30 6
33 31 51
33 34 21
33 34 37
33 34 39
33 34 46
33 36 21
33 36 38
33 40 31
33 41 11
33 41 18
33 41 27
33 42 7
33 42 8
33 42 11
33 42 43
33 44 8
33 44 35
33 45 43
33 46 25
33 49 18
33 50 47
33 56 48
33 57 29
33 57 48
33 59 33
34 3 16
34 3 34
34 4 49
34 4 57
34 5 42
34 6 14
34 8 5
34 8 29
34 8 58
34 11 37
34 12 55
34 15 3
34 15 30
34 16 34
34 16 35
34 17 25
34 19 27
34 19 46
34 19 50
34 20 4
34 20 51
34 24 38
34 25 7
34 25 20
34 26 33
34 26 40
34 27 4
34 27 23
34 28 51
34 29 21
34 32 4
34 32 18
34 34 14
34 34 37
34 37 6
34 38 28
34 41 54
34 41 59
34 46 50
34 47 38
34 48 4
34 49 54
34 50 10
34 51 0
34 52 11
34 52 21
34 52 30
34 53 13
34 54 18
34 54 40
34 54 40
34 56 44
34 57 54
34 58 20
34 59 11
34 59 22
35 1 1
35 1 33
35 1 49
35 2 30
35 3 34
35 5 10
35 7 11
35 10 21
35 10 51
35 13 13
35 13 37
35 15 10
35 18 16
35 18 26
35 18 26
35 18 45
35 21 50
35 22 0
35 22 24
35 23 8
35 24 32
35 24 47
35 27 32
35 27 38
35 29 4
35 31 35
35 31 44
35 33 41
35 34 56
35 37 30
35 39 30
35 39 54
35 42 6
35 43 41
35 44 19
35 44 20
35 44 43
35 45 20
35 45 26
35 45 36
35 46 56
35 48 25
35 49 38
35 50 25
35 50 32
35 52 11
35 52 28
35 57 16
35 58 53
36 4 59
36 5 46
36 6 41
36 6 49
36 9 55
36 9 59
36 11 50
36 12 0
36 13 2
36 13 26
36 14 40
36 14 45
36 15 20
36 15 26
36 15 29
36 16 31
36 17 2
36 18 49
36 20 42
36 20 50
36 24 23
36 24 59
36 26 46
36 26 52
36 28 6
36 29 13
36 30 36
36 32 1
36 36 12
36 36 21
36 36 33
36 36 58
36 39 38
36 42 15
36 44 2
36 45 15
36 46 48
36 48 9
36 49 19
36 51 54
36 55 0
36 55 41
36 56 16
36 58 57
36 59 11
37 1 58
37 2 10
37 3 3
37 6 6
37 6 48
37 8 13
37 8 44
37 10 11
37 11 7
37 11 9
37 11 26
37 11 39
37 13 22
37 13 23
37 13 51
37 14 17
37 14 45
37 17 21
37 17 22
37 17 47
37 19 35
37 20 0
37 24 10
37 27 39
37 27 56
37 30 27
37 31 5
37 31 38
37 33 30
37 37 57
37 38 58
37 40 37
37 40 38
37 41 11
37 41 27
37 41 56
37 43 22
37 47 2
37 47 50
37 48 8
37 49 25
37 49 52
37 51 11
37 52 50
37 55 8
37 57 34
37 58 7
37 58 28
37 59 26
37 59 38
38 1 1
38 2 0
38 2 9
38 3 9
38 4 2
38 4 53
38 5 12
38 5 24
38 5 47
38 6 0
38 6 47
38 7 2
38 8 30
38 10 50
38 11 39
38 12 5
38 13 10
38 14 33
38 16 50
38 18 24
38 18 36
38 19 2
38 19 11
38 20 52
38 21 28
38 22 14
38 22 41
38 23 41
38 25 8
38 25 17
38 26 57
38 27 3
38 30 41
38 31 2
38 33 39
38 39 20
38 39 49
38 40 44
38 40 45
38 41 59
38 42 31
38 43 45
38 45 55
38 47 0
38 47 3
38 48 31
38 48 32
38 48 35
38 48 53
38 52 2
38 53 19
38 58 28
39 1 23
39 4 1
39 4 10
39 4 29
39 4 30
39 7 22
39 8 59
39 9 34
39 10 27
39 10 53
39 12 31
39 12 53
39 13 58
39 15 44
39 21 4
39 22 18
39 23 13
39 23 26
39 23 55
39 24 3
39 24 55
39 27 31
39 27 33
39 30 2
39 31 4
39 31 33
39 33 10
39 33 26
39 34 26
39 35 56
39 35 58
39 36 23
39 37 20
39 38 22
39 39 5
39 39 15
39 40 24
39 41 44
39 42 51
39 43 15
39 43 19
39 43 21
39 43 38
39 44 42
39 45 53
39 48 2
39 48 39
39 49 12
39 49 49
39 52 19
39 52 37
39 54 31
39 56 17
39 57 41
39 57 51
39 58 43
40 1 0
40 1 18
40 1 34
40 2 32
40 3 9
40 3 37
40 8 8
40 15 1
40 15 3
40 15 5
40 15 18
40 17 50
40 18 6
40 19 54
40 21 10
40 21 29
40 22 23
40 22 59
40 23 34
40 26 54
40 28 26
40 28 32
40 29 26
40 30 34
40 31 27
40 32 19
40 33 3
40 33 56
40 34 3
40 35 33
40 35 54
40 36 12
40 39 23
40 44 10
40 45 52
40 48 24
40 48 44
40 50 10
40 50 17
40 50 47
40 51 3
40 51 8
40 53 25
40 53 50
40 55 14
40 57 42
41 0 0
41 1 22
41 1 39
41 2 14
41 3 28
41 9 7
41 12 39
41 14 20
41 14 34
41 18 13
41 18 29
41 18 45
41 21 22
41 22 28
41 26 52
41 27 16
41 27 22
41 29 35
41 31 44
41 32 30
41 33 3
41 33 47
41 34 8
41 35 54
41 37 25
41 37 29
41 37 52
41 38 9
41 38 17
41 41 7
41 41 34
41 42 28
41 42 49
41 43 18
41 44 47
41 45 12
41 47 24
41 48 8
41 48 10
41 50 25
41 51 47
41 54 3
41 54 7
41 57 36
42 0 29
42 1 3
42 4 30
42 4 35
42 5 18
42 6 19
42 7 7
42 8 35
42 8 41
42 9 47
42 11 55
42 12 25
42 14 26
42 15 40
42 16 7
42 16 33
42 17 46
42 18 48
42 19 26
42 20 0
42 21 39
42 22 35
42 23 32
42 24 49
42 25 5
42 25 7
42 28 37
42 32 47
42 33 34
42 34 58
42 35 12
42 35 30
42 38 47
42 40 54
42 41 20
42 42 8
42 42 33
42 42 37
42 43 18
42 43 36
42 45 13
42 45 42
42 45 52
42 46 4
42 46 26
42 47 3
42 48 9
42 50 17
42 51 22
42 51 27
42 55 29
42 57 0
42 57 24
43 0 40
43 2 15
43 4 26
43 11 1
43 11 31
43 12 56
43 13 53
43 14 29
43 14 37
43 19 27
43 20 15
43 22 26
43 22 59
43 25 15
43 25 23
43 29 6
43 29 14
43 30 52
43 31 34
43 33 19
43 36 26
43 36 31
43 36 52
43 36 55
43 36 59
43 37 5
43 37 48
43 41 10
43 45 29
43 54 34
43 54 37
43 54 47
43 57 14
43 57 22
43 59 11
44 0 37
44 0 56
44 2 27
44 9 30
44 9 50
44 10 0
44 10 5
44 10 42
44 11 34
44 11 35
44 12 3
44 14 49
44 15 5
44 15 18
44 15 46
44 16 4
44 16 26
44 18 21
44 20 30
44 21 15
44 21 23
44 22 49
44 23 23
44 25 59
44 26 1
44 29 28
44 29 32
44 29 48
44 30 33
44 30 44
44 33 33
44 34 35
44 34 55
44 35 38
44 35 57
44 39 31
44 39 47
44 39 47
44 40 50
44 41 16
44 42 14
44 42 52
44 43 37
44 43 40
44 43 47
44 44 38
44 46 18
44 47 36
44 47 41
44 48 17
44 48 50
44 50 20
44 51 14
44 54 35
44 54 38
44 54 59
44 55 16
44 56 28
44 57 54
44 57 59
45 0 9
45 0 51
45 1 1
45 1 23
45 1 34
45 2 1
45 2 35
45 6 40
45 8 9
45 8 47
45 10 49
45 11 5
45 11 54
45 15 16
45 17 12
45 17 31
45 19 3
45 20 4
45 20 15
45 20 56
45 21 39
45 22 13
45 22 22
45 23 24
45 23 33
45 24 51
45 26 2
45 26 15
45 27 22
45 27 28
45 30 4
45 31 23
45 34 24
45 37 47
45 38 54
45 39 29
45 41 43
45 43 14
45 43 39
45 46 59
45 53 7
45 53 51
45 54 33
45 55 4
45 55 27
45 59 8
46 2 56
46 3 28
46 5 20
46 5 27
46 6 8
46 8 50
46 10 36
46 10 59
46 11 2
46 11 6
46 12 28
46 15 4
46 15 17
46 16 58
46 18 2
46 20 45
46 23 19
46 23 30
46 25 33
46 29 29
46 30 37
46 31 4
46 32 16
46 34 4
46 35 25
46 35 55
46 36 36
46 38 40
46 41 11
46 44 11
46 44 36
46 44 47
46 44 48
46 46 3
46 47 45
46 48 34
46 49 8
46 49 38
46 50 16
46 52 4
46 52 15
46 52 44
46 53 28
46 53 33
46 55 31
46 56 17
46 59 2
47 0 25
47 0 46
47 0 49
47 1 51
47 5 21
47 7 46
47 7 52
47 13 12
47 13 18
47 13 25
47 14 52
47 16 39
47 16 52
47 19 32
47 19 58
47 20 10
47 22 43
47 23 34
47 24 23
47 25 31
47 29 22
47 34 12
47 36 29
47 36 42
47 36 52
47 41 5
47 41 27
47 44 30
47 44 47
47 47 6
47 48 18
47 48 48
47 49 12
47 49 15
47 50 11
47 50 11
47 51 53
47 52 42
47 52 45
47 52 56
47 54 30
47 55 16
47 55 34
47 56 8
47 58 2
47 58 2
47 58 51
48 0 32
48 0 53
48 1 29
48 1 43
48 2 2
48 2 3
48 3 25
48 5 15
48 6 16
48 6 21
48 9 58
48 13 1
48 13 33
48 13 56
48 15 22
48 17 24
48 18 5
48 20 35
48 21 4
48 24 32
48 25 8
48 25 31
48 25 33
48 26 51
48 27 17
48 27 27
48 28 29
48 29 47
48 29 49
48 32 25
48 32 38
48 33 8
48 36 3
48 39 37
48 42 17
48 42 25
48 45 3
48 48 5
48 51 9
48 54 5
48 54 8
48 58 57
48 58 59
48 59 8
48 59 33
49 0 0
49 0 27
49 0 33
49 0 47
49 1 11
49 2 15
49 2 18
49 3 1
49 3 2
49 5 1
49 5 14
49 6 24
49 7 40
49 7 46
49 7 52
49 9 20
49 10 38
49 11 13
49 12 8
49 17 42
49 18 22
49 18 58
49 19 19
49 20 52
49 21 7
49 21 15
49 23 38
49 23 51
49 24 47
49 25 9
49 27 5
49 27 37
49 28 1
49 29 31
49 32 17
49 34 36
49 35 2
49 35 17
49 36 0
49 36 32
49 37 21
49 38 38
49 39 28
49 39 59
49 41 2
49 41 11
49 41 29
49 42 10
49 43 1
49 43 40
49 44 4
49 44 25
49 46 10
49 46 54
49 47 46
49 49 0
49 51 34
49 51 46
49 51 52
49 53 9
49 54 3
49 54 24
49 55 8
49 55 11
49 55 55
49 57 1
49 59 15
49 59 30
50 1 12
50 1 55
50 4 16
50 4 37
50 6 5
50 8 26
50 10 16
50 10 25
50 11 55
50 12 29
50 13 15
50 13 27
50 13 29
50 13 34
50 14 51
50 16 44
50 16 47
50 17 25
50 20 13
50 21 24
50 24 35
50 25 55
50 27 5
50 28 50
50 31 25
50 31 45
50 33 50
50 35 19
50 35 46
50 36 39
50 37 30
50 38 30
50 42 53
50 46 40
50 48 17
50 50 37
50 50 58
50 55 45
50 55 58
50 56 55
50 57 16
50 58 12
50 59 3
51 0 14
51 0 17
51 0 30
51 0 59
51 1 23
51 1 26
51 1 29
51 3 43
51 4 42
51 7 41
51 7 42
51 7 46
51 8 38
51 8 46
51 8 54
51 10 6
51 10 28
51 16 50
51 16 53
51 16 56
51 18 1
51 18 3
51 18 12
51 19 51
51 20 35
51 23 49
51 25 5
51 26 17
51 26 57
51 27 54
51 27 54
51 31 54
51 33 16
51 34 22
51 36 21
51 36 24
51 37 15
51 37 52
51 40 21
51 43 4
51 43 38
51 44 4
51 44 32
51 44 33
51 46 0
51 46 25
51 46 30
51 46 40
51 47 49
51 48 29
51 49 18
51 49 38
51 49 53
51 50 12
51 50 55
51 51 29
51 55 30
51 57 47
51 57 51
51 58 23
51 58 49
51 58 52
52 0 30
52 1 25
52 4 45
52 4 55
52 5 2
52 5 30
52 5 43
52 9 24
52 10 34
52 11 16
52 11 20
52 12 0
52 12 32
52 13 47
52 14 55
52 15 2
52 15 16
52 16 9
52 17 9
52 18 55
52 18 56
52 19 4
52 19 36
52 20 23
52 21 59
52 22 42
52 27 3
52 27 28
52 27 28
52 28 18
52 28 35
52 29 9
52 29 24
52 30 39
52 33 15
52 34 38
52 34 40
52 35 0
52 35 1
52 35 27
52 37 51
52 40 35
52 41 0
52 42 16
52 44 28
52 44 38
52 47 7
52 49 43
52 51 20
52 54 9
52 54 15
52 56 16
52 56 42
52 56 54
53 0 10
53 0 58
53 1 18
53 1 58
53 2 49
53 3 7
53 3 39
53 4 17
53 6 24
53 7 25
53 7 40
53 7 45
53 12 54
53 14 40
53 15 53
53 17 20
53 18 46
53 22 10
53 22 13
53 22 31
53 23 44
53 24 18
53 25 35
53 26 10
53 28 26
53 29 29
53 32 40
53 32 58
53 36 2
53 36 59
53 37 15
53 37 37
53 37 46
53 41 4
53 44 47
53 45 29
53 48 10
53 48 45
53 49 16
53 49 19
53 53 47
53 54 7
53 57 0
54 0 21
54 3 21
54 5 48
54 6 12
54 6 27
54 7 10
54 7 43
54 7 45
54 8 11
54 8 12
54 10 38
54 11 9
54 12 24
54 12 47
54 13 32
54 14 41
54 14 53
54 15 3
54 15 5
54 15 27
54 16 47
54 17 6
54 17 25
54 18 1
54 21 14
54 21 23
54 21 31
54 23 19
54 24 27
54 24 52
54 25 1
54 25 18
54 25 34
54 25 45
54 26 10
54 26 22
54 27 34
54 28 9
54 29 50
54 33 21
54 33 26
54 34 40
54 36 27
54 36 38
54 36 45
54 37 15
54 37 27
54 37 50
54 41 5
54 42 48
54 42 58
54 43 34
54 45 42
54 46 18
54 48 27
54 50 28
54 50 29
54 51 46
54 55 21
54 56 50
54 58 18
55 0 17
55 1 4
55 1 38
55 3 6
55 4 38
55 5 31
55 5 34
55 5 48
55 10 26
55 12 50
55 13 12
55 13 53
55 14 5
55 14 14
55 14 42
55 15 14
55 17 47
55 19 7
55 20 13
55 22 26
55 22 35
55 25 46
55 26 36
55 30 4
55 30 44
55 31 3
55 31 19
55 31 52
55 33 3
55 33 6
55 33 26
55 34 33
55 36 36
55 36 42
55 36 50
55 39 52
55 41 26
55 42 30
55 43 18
55 44 40
55 45 12
55 45 42
55 48 55
55 50 30
55 50 52
55 51 2
55 53 45
55 53 56
55 55 33
55 56 44
55 56 53
55 56 59
55 58 33
55 59 53
56 0 1
56 0 51
56 5 18
56 6 10
56 6 46
56 7 4
56 7 36
56 7 42
56 8 40
56 10 12
56 10 22
56 10 26
56 11 29
56 15 24
56 15 33
56 18 3
56 19 41
56 20 10
56 22 24
56 26 34
56 26 46
56 27 9
56 27 12
56 27 43
56 28 57
56 30 6
56 32 42
56 34 0
56 34 13
56 36 17
56 37 46
56 38 5
56 41 43
56 41 54
56 42 33
56 42 40
56 42 50
56 44 22
56 44 42
56 45 59
56 46 16
56 49 30
56 49 34
56 52 18
56 53 22
56 55 6
56 56 15
56 57 51
56 58 54
57 3 3
57 3 20
57 4 37
57 5 5
57 5 24
57 6 16
57 6 33
57 6 34
57 6 55
57 7 35
57 9 27
57 14 34
57 16 37
57 16 40
57 20 28
57 21 12
57 21 32
57 24 21
57 24 24
57 24 27
57 24 51
57 25 5
57 27 38
57 28 54
57 28 59
57 30 36
57 30 43
57 31 40
57 32 29
57 36 26
57 36 37
57 37 50
57 38 0
57 40 47
57 42 50
57 43 38
57 47 36
57 48 45
57 49 32
57 50 7
57 50 56
57 56 9
57 57 26
57 58 27
57 59 2
57 59 6
58 0 27
58 0 31
58 8 30
58 8 38
58 9 31
58 12 5
58 12 25
58 14 22
58 15 19
58 15 21
58 17 14
58 18 29
58 20 33
58 24 12
58 31 22
58 31 38
58 36 2
58 37 0
58 38 23
58 39 53
58 41 46
58 46 5
58 46 49
58 48 46
58 49 46
58 50 26
58 54 58
58 55 25
58 56 0
58 56 30
58 56 55
58 57 10
58 59 36
59 0 37
59 0 44
59 1 38
59 2 26
59 3 22
59 7 11
59 9 34
59 9 58
59 10 7
59 10 45
59 14 47
59 15 31
59 17 39
59 17 51
59 19 24
59 19 25
59 21 14
59 22 16
59 22 36
59 23 59
59 25 52
59 26 11
59 27 56
59 30 22
59 32 51
59 33 29
59 34 43
59 34 54
59 38 15
59 38 21
59 38 35
59 39 20
59 39 28
59 40 4
59 41 50
59 42 31
59 42 31
59 43 11
59 43 19
59 44 25
59 44 48
59 46 43
59 46 48
59 47 43
59 47 54
59 49 9
59 49 39
59 51 32
59 51 37
59 53 32
59 53 55
59 54 26
59 55 18
59 59 32
59 59 46
59 59 46
60 1 12
60 1 38
60 2 10
60 2 11
60 2 11
60 3 32
60 3 33
60 4 5
60 6 41
60 8 30
60 10 36
60 10 48
60 11 20
60 12 58
60 15 30
60 15 47
60 17 18
60 18 28
60 21 5
60 24 47
60 25 48
60 28 41
60 29 18
60 30 13
60 31 57
60 36 33
60 36 45
60 38 35
60 41 22
60 42 24
60 46 25
60 46 29
60 50 41
60 50 54
60 53 36
60 55 35
60 57 15
60 58 33
61 1 1
61 2 24
61 3 7
61 3 18
61 4 27
61 5 21
61 5 33
61 8 43
61 11 7
61 12 12
61 12 33
61 12 44
61 16 16
61 16 36
61 16 45
61 18 57
61 19 25
61 21 3
61 21 39
61 21 56
61 22 14
61 23 7
61 28 1
61 28 10
61 28 17
61 29 6
61 29 20
61 30 32
61 34 33
61 34 36
61 35 8
61 35 28
61 36 14
61 37 7
61 38 7
61 39 11
61 40 8
61 40 26
61 40 59
61 41 42
61 41 44
61 41 52
61 41 55
61 44 27
61 45 38
61 46 14
61 46 17
61 46 57
61 48 19
61 48 20
61 50 10
61 51 24
61 54 4
61 54 24
61 55 40
61 56 50
61 58 19
61 58 49
62 0 8
62 0 26
62 8 26
62 9 10
62 9 30
62 9 44
62 10 4
62 10 6
62 11 28
62 11 48
62 11 59
62 13 17
62 14 26
62 15 43
62 21 3
62 23 22
62 24 8
62 24 22
62 24 33
62 24 40
62 24 59
62 26 35
62 30 8
62 30 55
62 35 57
62 37 59
62 38 51
62 40 7
62 40 12
62 40 13
62 41 27
62 41 47
62 41 55
62 41 59
62 42 31
62 42 55
62 44 49
62 45 8
62 46 45
62 47 33
62 48 5
62 48 24
62 51 30
62 51 44
62 53 40
62 53 50
62 56 0
62 57 25
62 58 37
62 58 40
62 59 37
63 0 42
63 2 38
63 3 24
63 5 51
63 7 20
63 10 7
63 10 45
63 11 5
63 14 38
63 17 8
63 17 30
63 17 30
63 18 22
63 18 39
63 18 52
63 19 46
63 21 1
63 21 55
63 22 11
63 22 39
63 23 43
63 24 17
63 24 33
63 24 58
63 25 40
63 26 29
63 26 37
63 27 24
63 27 32
63 28 27
63 29 57
63 30 6
63 31 47
63 31 58
63 36 28
63 36 49
63 37 10
63 37 41
63 37 48
63 38 6
63 38 19
63 45 16
63 45 46
63 47 0
63 48 12
63 49 53
63 49 59
63 50 12
63 51 21
63 56 38
63 56 54
63 57 18
63 57 57
63 58 35
63 58 46
64 0 31
64 3 26
64 3 44
64 4 12
64 6 22
64 8 29
64 8 54
64 9 4
64 10 11
64 11 24
64 11 55
64 12 39
64 13 16
64 13 48
64 16 13
64 17 35
64 17 36
64 19 7
64 20 53
64 23 35
64 25 38
64 27 57
64 29 44
64 29 56
64 30 30
64 30 41
64 32 28
64 36 1
64 36 11
64 39 0
64 39 23
64 40 10
64 40 17
64 41 28
64 41 32
64 42 7
64 42 28
64 42 43
64 45 4
64 46 18
64 47 46
64 48 9
64 49 53
64 50 14
64 50 25
64 50 45
64 51 35
64 51 49
64 53 9
64 53 53
64 55 0
64 56 33
64 56 34
64 57 5
64 57 41
65 3 15
65 5 5
65 5 55
65 7 41
65 8 34
65 8 55
65 10 11
65 10 18
65 11 14
65 11 41
65 12 34
65 13 19
65 13 37
65 19 5
65 21 5
65 21 38
65 24 23
65 25 3
65 26 48
65 27 5
65 28 27
65 28 42
65 29 1
65 30 13
65 30 32
65 30 52
65 30 57
65 32 9
65 34 31
65 35 8
65 35 44
65 37 32
65 38 24
65 39 45
65 40 45
65 46 42
65 47 26
65 47 52
65 47 53
65 48 20
65 49 43
65 50 9
65 52 16
65 53 55
65 55 0
65 55 16
65 56 8
65 56 37
65 56 40
65 56 57
65 57 21
65 57 49
65 58 30
66 0 55
66 7 41
66 8 31
66 8 59
66 11 7
66 12 46
66 13 53
66 14 1
66 14 52
66 17 50
66 18 32
66 18 53
66 19 8
66 20 41
66 21 21
66 21 37
66 24 2
66 24 19
66 27 7
66 27 39
66 28 1
66 29 0
66 30 19
66 31 40
66 34 43
66 37 33
66 37 33
66 37 58
66 38 43
66 39 45
66 41 21
66 42 30
66 42 59
66 44 2
66 44 38
66 46 40
66 46 43
66 47 44
66 49 2
66 49 4
66 51 34
66 53 30
66 55 40
66 56 2
66 56 55
66 57 20
66 58 9
66 58 26
66 59 57
67 0 35
67 1 27
67 1 40
67 1 50
67 2 55
67 4 58
67 6 1
67 9 48
67 10 44
67 11 53
67 12 24
67 14 2
67 14 13
67 14 29
67 16 54
67 17 31
67 18 6
67 21 23
67 21 48
67 22 18
67 22 39
67 22 52
67 25 30
67 25 52
67 27 18
67 28 6
67 29 6
67 29 8
67 32 3
67 32 47
67 32 47
67 33 18
67 35 43
67 37 5
67 39 8
67 40 5
67 41 1
67 41 17
67 44 11
67 44 46
67 45 28
67 47 36
67 48 3
67 48 58
67 49 23
67 49 49
67 50 18
67 50 36
67 52 0
67 53 20
67 54 31
67 55 7
67 59 35
67 59 59
68 0 9
68 0 11
68 3 3
68 4 18
68 5 47
68 6 15
68 8 40
68 8 45
68 10 8
68 11 0
68 12 39
68 14 15
68 15 17
68 15 53
68 16 27
68 17 46
68 19 35
68 22 12
68 24 4
68 26 13
68 26 19
68 26 20
68 29 51
68 30 24
68 31 40
68 32 1
68 34 17
68 34 57
68 36 54
68 37 33
68 38 45
68 39 3
68 40 34
68 40 35
68 41 20
68 41 44
68 42 45
68 43 40
68 45 5
68 45 6
68 45 7
68 45 12
68 48 17
68 48 40
68 49 56
68 51 31
68 54 32
68 55 27
68 55 37
68 56 40
68 57 21
69 0 34
69 2 38
69 3 0
69 3 15
69 5 6
69 5 41
69 6 41
69 8 5
69 12 36
69 15 13
69 16 37
69 16 43
69 16 58
69 17 32
69 18 34
69 22 50
69 25 5
69 25 16
69 26 3
69 27 17
69 28 59
69 29 2
69 33 17
69 35 49
69 36 23
69 37 14
69 37 42
69 39 37
69 39 53
69 40 49
69 41 40
69 42 0
69 42 33
69 43 45
69 44 41
69 45 30
69 47 12
69 47 26
69 48 45
69 48 56
69 50 10
69 50 17
69 51 7
69 51 27
69 52 2
69 52 40
69 52 48
69 53 20
69 58 40
69 59 30
69 59 47
70 1 38
70 7 22
70 8 48
70 9 22
70 10 23
70 11 49
70 12 25
70 12 53
70 14 26
70 15 20
70 16 14
70 18 16
70 18 21
70 18 53
70 22 42
70 29 4
70 30 10
70 30 18
70 30 53
70 31 27
70 32 33
70 34 19
70 35 22
70 35 57
70 37 43
70 38 5
70 39 19
70 39 42
70 40 12
70 40 13
70 40 17
70 40 37
70 40 52
70 42 27
70 43 32
70 44 41
70 45 31
70 45 38
70 47 36
70 49 42
70 50 16
70 50 20
70 51 14
70 51 54
70 52 6
70 52 39
70 53 37
70 55 55
70 58 28
71 0 46
71 2 33
71 2 54
71 3 25
71 3 25
71 4 15
71 4 43
71 6 15
71 7 47
71 9 28
71 9 46
71 10 18
71 10 32
71 10 36
71 10 55
71 14 9
71 15 2
71 16 58
71 18 21
71 18 36
71 18 51
71 20 17
71 21 7
71 22 19
71 23 26
71 24 36
71 25 1
71 26 9
71 26 23
71 27 19
71 27 26
71 28 0
71 33 7
71 33 28
71 33 43
71 36 14
71 36 23
71 38 25
71 39 17
71 43 26
71 43 59
71 44 52
71 46 44
71 49 58
71 50 28
71 50 59
71 51 2
71 55 47
71 59 9
72 0 5
72 0 54
72 7 26
72 7 52
72 9 21
72 10 20
72 10 28
72 14 51
72 15 44
72 16 31
72 17 10
72 17 22
72 18 28
72 18 45
72 21 1
72 23 33
72 24 11
72 24 31
72 25 21
72 26 17
72 26 45
72 26 50
72 29 38
72 30 28
72 31 1
72 31 57
72 33 54
72 36 6
72 36 48
72 37 5
72 39 16
72 39 26
72 40 22
72 41 31
72 41 59
72 42 36
72 43 5
72 44 15
72 44 46
72 47 20
72 48 8
72 48 43
72 49 47
72 51 17
72 51 30
72 53 50
72 54 7
72 55 28
72 55 37
72 55 39
72 56 31
72 58 10
72 59 0
72 59 28
73 5 55
73 5 57
73 6 19
73 6 59
73 8 35
73 8 41
73 12 3
73 13 27
73 15 22
73 16 55
73 20 9
73 20 11
73 21 53
73 22 1
73 23 3
73 27 29
73 27 37
73 29 50
73 30 48
73 31 28
73 33 16
73 33 40
73 35 3
73 35 5
73 35 10
73 36 48
73 37 47
73 40 52
73 42 46
73 43 52
73 44 34
73 46 30
73 47 44
73 49 9
73 50 17
73 50 33
73 50 51
73 51 11
73 51 27
73 51 44
73 54 40
73 56 35
73 57 18
73 58 46
73 59 14
73 59 39
73 59 59
73 59 59
74 0 39
74 1 19
74 1 19
74 1 22
74 2 21
74 5 8
74 6 17
74 6 29
74 8 40
74 9 10
74 9 54
74 10 5
74 10 33
74 11 24
74 13 56
74 14 57
74 15 28
74 15 34
74 15 45
74 16 58
74 17 14
74 17 31
74 17 43
74 18 0
74 19 41
74 20 56
74 21 5
74 21 34
74 22 41
74 22 55
74 23 13
74 24 48
74 24 52
74 25 7
74 25 17
74 26 38
74 27 8
74 27 25
74 27 33
74 30 49
74 30 55
74 31 23
74 31 43
74 32 14
74 33 1
74 36 49
74 36 56
74 37 2
74 37 41
74 40 1
74 47 9
74 47 48
74 48 6
74 48 37
74 49 4
74 51 38
74 53 59
74 55 19
74 55 37
74 59 17
75 0 2
75 0 46
75 1 4
75 3 18
75 4 6
75 4 18
75 4 33
75 5 16
75 6 40
75 8 39
75 10 5
75 10 40
75 11 1
75 14 18
75 16 11
75 18 11
75 18 51
75 23 3
75 24 46
75 24 55
75 27 46
75 29 16
75 32 53
75 33 6
75 33 25
75 34 38
75 35 20
75 37 15
75 37 44
75 38 14
75 38 56
75 39 6
75 39 33
75 39 46
75 39 49
75 41 7
75 44 19
75 45 46
75 46 31
75 46 55
75 48 41
75 49 1
75 49 9
75 49 37
75 51 40
75 53 34
75 54 36
75 54 57
75 57 14
75 58 39
75 58 58
76 1 2
76 2 53
76 2 58
76 3 7
76 4 19
76 4 26
76 8 14
76 9 40
76 10 1
76 11 32
76 14 9
76 14 33
76 14 55
76 14 59
76 15 40
76 16 20
76 16 36
76 17 46
76 18 23
76 20 26
76 22 28
76 24 20
76 25 11
76 27 39
76 28 7
76 28 59
76 32 46
76 33 26
76 34 31
76 35 37
76 35 56
76 36 18
76 36 35
76 36 48
76 37 8
76 37 47
76 37 48
76 38 54
76 41 22
76 41 26
76 42 0
76 42 38
76 42 52
76 44 34
76 46 39
76 47 7
76 47 28
76 47 31
76 47 35
76 48 8
76 48 21
76 50 19
76 50 21
76 50 58
76 51 6
76 51 15
76 54 28
76 54 43
76 54 58
76 55 1
76 55 13
76 57 11
76 59 3
76 59 20
77 2 49
77 2 56
77 4 35
77 6 55
77 8 35
77 9 5
77 9 30
77 9 34
77 9 41
77 10 28
77 10 35
77 10 46
77 14 10
77 14 51
77 15 47
77 17 38
77 23 17
77 24 23
77 26 0
77 26 39
77 28 20
77 29 26
77 33 51
77 33 56
77 35 2
77 36 2
77 37 8
77 41 33
77 43 23
77 43 37
77 43 42
77 43 51
77 46 25
77 46 36
77 47 22
77 47 36
77 48 4
77 48 26
77 48 27
77 51 40
77 52 45
77 53 15
77 54 43
77 57 21
77 57 43
77 58 18
78 0 25
78 0 25
78 1 51
78 2 14
78 4 39
78 6 11
78 11 59
78 12 38
78 12 41
78 14 2
78 14 4
78 16 15
78 17 31
78 20 56
78 21 40
78 27 44
78 28 51
78 29 44
78 30 8
78 34 26
78 36 23
78 37 39
78 37 54
78 39 0
78 39 25
78 39 59
78 41 4
78 43 7
78 45 2
78 47 26
78 47 33
78 48 4
78 48 15
78 49 39
78 51 1
78 54 23
78 54 45
78 56 51
78 56 51
78 57 14
78 57 38
78 58 13
78 59 13
79 0 3
79 0 5
79 5 3
79 5 13
79 5 43
79 5 52
79 7 20
79 7 50
79 9 48
79 12 56
79 13 16
79 14 50
79 15 19
79 15 47
79 19 7
79 19 27
79 20 52
79 26 46
79 28 32
79 28 59
79 31 18
79 31 46
79 32 44
79 32 51
79 32 59
79 38 7
79 38 29
79 39 12
79 44 17
79 44 28
79 44 29
79 44 56
79 44 57
79 46 7
79 46 34
79 46 53
79 47 6
79 47 18
79 48 11
79 48 32
79 48 55
79 49 41
79 50 13
79 54 16
79 55 0
79 55 14
79 55 57
79 57 28
79 57 46
79 58 46
79 59 12
79 59 41
80 0 39
80 2 7
80 3 23
80 4 19
80 4 40
80 5 56
80 7 42
80 9 28
80 11 54
80 12 5
80 15 38
80 16 23
80 16 47
80 18 5
80 19 8
80 24 30
80 26 54
80 28 16
80 28 32
80 30 52
80 31 38
80 32 31
80 33 9
80 36 3
80 36 43
80 38 59
80 39 37
80 39 45
80 41 11
80 43 19
80 43 58
80 44 7
80 46 19
80 46 30
80 46 47
80 47 14
80 49 21
80 51 6
80 51 13
80 51 17
80 52 28
80 52 56
80 53 0
80 53 45
80 55 39
80 58 40
80 59 43
80 59 53
81 0 33
81 7 59
81 8 27
81 8 52
81 10 18
81 10 26
81 12 15
81 13 43
81 14 31
81 14 47
81 17 31
81 18 10
81 18 14
81 18 19
81 19 57
81 23 13
81 23 42
81 24 40
81 29 28
81 31 12
81 31 31
81 33 14
81 34 42
81 35 20
81 38 45
81 40 4
81 42 9
81 42 47
81 42 52
81 43 7
81 43 55
81 46 24
81 48 8
81 49 57
81 50 22
81 50 25
81 50 58
81 51 21
81 54 0
81 54 16
81 55 18
81 57 3
82 1 24
82 2 10
82 2 23
82 2 39
82 6 5
82 8 38
82 11 31
82 11 54
82 12 13
82 18 41
82 20 17
82 20 38
82 22 8
82 23 8
82 25 17
82 27 30
82 28 36
82 28 41
82 29 17
82 32 6
82 33 9
82 36 57
82 38 15
82 38 39
82 38 56
82 41 16
82 41 49
82 43 54
82 44 53
82 46 21
82 47 30
82 49 40
82 50 15
82 50 24
82 51 5
82 51 18
82 51 18
82 53 15
82 53 37
82 53 57
82 54 54
82 55 58
82 57 21
82 58 58
83 0 23
83 2 50
83 5 16
83 7 39
83 10 7
83 10 32
83 11 13
83 11 39
83 11 42
83 15 12
83 15 55
83 16 2
83 16 38
83 17 12
83 17 17
83 18 15
83 20 25
83 22 34
83 23 31
83 23 47
83 25 28
83 26 17
83 27 27
83 28 29
83 30 21
83 36 15
83 36 41
83 36 51
83 38 15
83 38 21
83 39 7
83 40 16
83 44 19
83 45 31
83 46 0
83 51 27
83 51 45
83 52 1
83 52 26
83 53 26
83 55 16
84 0 21
84 0 37
84 2 39
84 5 15
84 5 21
84 5 35
84 6 45
84 7 43
84 10 8
84 12 27
84 12 55
84 14 13
84 15 28
84 15 33
84 17 26
84 17 32
84 21 16
84 21 28
84 22 3
84 22 19
84 23 22
84 24 23
84 24 31
84 24 50
84 25 13
84 26 20
84 27 15
84 29 49
84 29 55
84 30 37
84 34 5
84 37 25
84 37 38
84 39 51
84 40 34
84 41 25
84 42 35
84 42 56
84 43 3
84 45 36
84 45 49
84 46 31
84 46 51
84 48 4
84 48 53
84 50 6
84 50 25
84 51 31
84 53 22
84 56 21
84 56 51
84 57 14
84 57 35
85 0 13
85 0 40
85 1 0
85 4 20
85 5 27
85 5 35
85 7 3
85 7 51
85 8 41
85 10 12
85 10 49
85 11 37
85 11 57
85 12 5
85 15 29
85 17 8
85 21 2
85 21 10
85 29 37
85 34 10
85 35 54
85 37 53
85 38 22
85 39 19
85 39 23
85 41 12
85 41 23
85 42 19
85 44 34
85 44 52
85 45 49
85 46 35
85 48 2
85 49 11
85 49 48
85 52 1
85 52 2
85 52 12
85 52 49
85 53 2
85 55 27
85 56 1
85 56 13
85 57 2
85 58 26
85 59 31
85 59 55
86 1 15
86 2 0
86 2 16
86 6 46
86 8 47
86 10 45
86 10 46
86 13 31
86 15 20
86 16 43
86 16 58
86 18 35
86 19 1
86 20 26
86 22 17
86 24 21
86 25 38
86 26 31
86 28 9
86 28 27
86 28 53
86 29 11
86 30 18
86 32 7
86 32 34
86 34 29
86 34 53
86 35 19
86 37 14
86 41 29
86 41 40
86 43 4
86 43 45
86 44 29
86 45 8
86 45 45
86 46 59
86 47 59
86 49 49
86 49 54
86 50 54
86 53 31
86 53 50
86 54 46
86 56 35
86 57 39
86 59 21
86 59 34
87 0 19
87 0 26
87 2 42
87 3 21
87 4 5
87 4 21
87 5 58
87 6 7
87 7 2
87 7 39
87 8 15
87 8 18
87 8 53
87 9 8
87 9 40
87 11 27
87 13 17
87 14 35
87 14 59
87 16 1
87 16 38
87 16 47
87 16 55
87 17 15
87 21 3
87 21 24
87 22 9
87 24 11
87 24 38
87 24 50
87 26 16
87 28 15
87 28 24
87 28 26
87 30 39
87 32 26
87 36 24
87 37 53
87 40 49
87 41 36
87 43 31
87 44 33
87 46 26
87 47 23
87 48 56
87 48 59
87 49 26
87 49 43
87 50 4
87 51 22
87 51 56
87 54 33
87 54 56
87 55 6
87 55 43
87 55 47
87 56 8
87 56 31
87 57 58
87 58 49
87 59 2
87 59 16
87 59 31
88 0 27
88 0 40
88 0 45
88 2 7
88 2 19
88 4 1
88 8 1
88 9 50
88 10 12
88 11 33
88 12 9
88 12 19
88 12 52
88 13 10
88 14 27
88 18 35
88 18 39
88 18 54
88 20 8
88 21 50
88 22 51
88 24 45
88 25 48
88 26 33
88 29 51
88 30 57
88 31 25
88 31 34
88 33 33
88 34 11
88 34 44
88 35 7
88 37 14
88 37 44
88 38 44
88 39 10
88 41 14
88 45 33
88 47 30
88 47 52
88 48 6
88 48 55
88 51 52
88 52 36
88 54 14
88 54 30
88 55 33
88 55 43
89 0 25
89 1 44
89 2 44
89 7 57
89 9 38
89 10 30
89 10 38
89 11 5
89 12 20
89 13 0
89 13 31
89 14 39
89 15 32
89 15 39
89 16 10
89 16 21
89 16 33
89 17 28
89 19 1
89 23 23
89 23 38
89 23 42
89 23 53
89 24 38
89 24 41
89 25 46
89 28 54
89 29 2
89 29 22
89 35 27
89 36 48
89 37 48
89 37 55
89 40 49
89 44 38
89 44 58
89 46 14
89 47 47
89 48 33
89 49 27
89 49 32
89 53 12
89 53 15
89 53 50
89 54 47
89 55 15
89 55 18
89 56 2
89 57 26
89 58 52
89 59 26
90 0 35
90 1 25
90 6 9
90 6 11
90 7 29
90 8 9
90 12 39
90 13 6
90 13 33
90 14 24
90 19 42
90 19 52
90 21 33
90 21 34
90 23 33
90 24 48
90 25 16
90 26 7
90 26 11
90 27 17
90 28 20
90 28 25
90 28 27
90 28 55
90 30 1
90 30 31
90 32 26
90 39 15
90 39 26
90 40 40
90 41 46
90 43 36
90 43 46
90 44 33
90 45 46
90 47 2
90 47 40
90 49 10
90 50 17
90 51 39
90 51 59
90 53 52
90 54 2
90 56 44
90 57 3
90 59 0
91 1 12
91 1 26
91 2 49
91 3 44
91 6 0
91 6 1
91 6 4
91 8 16
91 9 8
91 10 49
91 12 48
91 13 14
91 14 16
91 14 38
91 15 48
91 16 42
91 17 4
91 17 55
91 18 28
91 18 42
91 19 49
91 19 52
91 22 34
91 23 4
91 27 57
91 28 20
91 29 12
91 32 16
91 32 23
91 35 12
91 35 19
91 36 57
91 37 20
91 37 34
91 37 53
91 37 53
91 38 14
91 38 15
91 38 23
91 40 18
91 42 50
91 43 2
91 43 11
91 45 49
91 47 39
91 50 7
91 50 8
91 50 10
91 50 21
91 50 30
91 52 52
91 53 43
91 54 24
91 56 45
91 57 25
92 1 9
92 1 17
92 2 51
92 3 30
92 5 5
92 6 11
92 6 40
92 7 0
92 10 18
92 10 21
92 12 39
92 13 38
92 14 19
92 14 23
92 14 50
92 15 6
92 19 7
92 19 41
92 20 19
92 23 16
92 25 32
92 26 22
92 26 23
92 26 43
92 26 47
92 27 37
92 28 11
92 28 52
92 30 21
92 30 47
92 31 39
92 32 14
92 32 44
92 34 31
92 34 56
92 35 42
92 36 17
92 36 33
92 37 41
92 38 4
92 41 17
92 41 43
92 42 5
92 43 52
92 45 21
92 46 7
92 46 46
92 47 49
92 49 39
92 49 47
92 50 29
92 52 19
92 53 28
92 54 54
92 55 41
92 56 32
92 56 53
92 57 20
92 57 26
92 59 33
92 59 52
93 0 46
93 1 40
93 4 28
93 4 53
93 5 34
93 5 43
93 6 17
93 7 16
93 7 17
93 7 52
93 8 9
93 8 21
93 9 20
93 11 26
93 12 22
93 12 34
93 12 57
93 13 55
93 14 8
93 14 54
93 15 41
93 16 40
93 17 3
93 18 8
93 19 21
93 19 42
93 19 52
93 21 11
93 25 20
93 27 34
93 27 53
93 27 57
93 28 33
93 30 20
93 32 30
93 32 31
93 32 32
93 32 53
93 33 19
93 33 38
93 35 21
93 39 33
93 39 40
93 39 47
93 40 17
93 41 47
93 43 53
93 45 30
93 45 52
93 46 12
93 46 30
93 48 32
93 48 32
93 49 40
93 51 9
93 52 58
93 53 57
93 54 10
93 55 9
93 55 12
93 56 4
93 56 7
93 56 16
93 58 7
93 58 32
94 0 40
94 1 48
94 4 18
94 5 24
94 7 49
94 9 11
94 10 55
94 11 36
94 11 49
94 16 51
94 17 22
94 18 18
94 18 49
94 19 9
94 21 45
94 22 9
94 23 59
94 26 44
94 26 56
94 27 20
94 27 59
94 29 32
94 29 50
94 32 3
94 34 30
94 34 46
94 35 24
94 38 9
94 38 30
94 39 50
94 40 2
94 41 41
94 42 3
94 43 11
94 44 59
94 46 50
94 49 30
94 50 38
94 50 43
94 51 0
94 52 42
94 53 50
94 54 3
94 54 33
94 55 44
94 55 55
94 55 56
94 57 4
94 57 23
94 59 24
95 1 3
95 5 17
95 5 22
95 6 7
95 6 23
95 7 42
95 7 52
95 10 5
95 11 7
95 11 48
95 13 38
95 14 14
95 17 11
95 19 31
95 19 31
95 21 12
95 21 29
95 22 31
95 23 59
95 24 42
95 26 20
95 26 26
95 27 8
95 29 20
95 32 1
95 32 45
95 34 27
95 40 20
95 42 12
95 47 6
95 48 44
95 49 1
95 53 17
95 53 42
95 56 8
95 58 26
96 1 21
96 1 46
96 3 17
96 3 25
96 10 30
96 10 37
96 11 23
96 11 31
96 11 41
96 13 38
96 16 59
96 17 33
96 19 2
96 19 14
96 20 8
96 21 39
96 22 6
96 22 7
96 23 20
96 24 5
96 25 28
96 25 38
96 26 31
96 26 52
96 27 55
96 29 18
96 30 19
96 32 35
96 33 50
96 34 13
96 35 42
96 35 53
96 36 0
96 37 54
96 38 15
96 39 4
96 39 10
96 40 19
96 40 50
96 41 25
96 41 40
96 42 55
96 43 38
96 47 11
96 47 12
96 47 35
96 48 11
96 48 21
96 48 44
96 49 26
96 50 54
96 51 20
96 53 0
96 54 0
96 56 45
96 57 8
97 1 50
97 2 14
97 3 22
97 4 46
97 5 46
97 6 24
97 6 38
97 8 53
97 9 31
97 10 59
97 12 35
97 14 0
97 14 34
97 15 8
97 16 48
97 17 27
97 17 59
97 22 3
97 24 0
97 24 20
97 25 0
97 25 0
97 25 57
97 26 32
97 26 52
97 27 38
97 27 51
97 27 58
97 28 9
97 28 31
97 29 59
97 30 28
97 30 52
97 31 0
97 31 15
97 31 31
97 31 31
97 33 13
97 33 24
97 33 59
97 36 42
97 38 14
97 38 36
97 43 40
97 44 48
97 44 50
97 44 58
97 45 31
97 45 32
97 45 59
97 46 16
97 47 24
97 52 57
97 53 53
97 54 26
97 55 51
97 56 50
97 57 14
97 57 42
97 57 59
97 58 29
98 0 20
98 1 8
98 1 11
98 1 20
98 1 28
98 1 58
98 4 56
98 7 42
98 9 42
98 10 55
98 11 4
98 11 6
98 12 21
98 12 32
98 14 31
98 15 43
98 16 31
98 17 22
98 17 53
98 18 22
98 19 53
98 21 47
98 21 52
98 24 58
98 25 5
98 26 52
98 28 1
98 33 42
98 33 51
98 34 8
98 34 41
98 34 47
98 34 56
98 35 5
98 38 52
98 39 17
98 40 39
98 41 17
98 41 50
98 44 10
98 44 38
98 45 30
98 47 10
98 47 20
98 48 30
98 49 14
98 50 43
98 51 22
98 51 23
98 52 30
98 52 44
98 54 10
98 54 25
98 55 19
98 55 58
98 57 9
98 57 15
98 57 56
98 58 33
98 58 57
98 59 1
