3 2 39
3 27 31
7 36 20
11 11 20
11 56 1
12 23 0
14 52 56
19 53 36
21 48 23
21 55 54
24 32 2
26 28 31
26 39 53
27 27 35
27 44 27
28 36 46
34 5 38
34 31 49
36 8 40
36 38 36
39 30 56
39 50 43
40 5 11
41 59 48
42 11 15
42 20 41
42 52 2
44 2 29
46 10 21
47 33 20
47 38 59
49 47 56
50 5 42
57 0 53
58 47 43
59 7 22
61 23 31
62 49 6
62 51 18
67 34 13
69 20 42
69 27 12
71 43 50
72 32 38
76 12 42
77 8 17
78 21 58
80 24 34
80 35 13
81 41 3
81 59 2
82 24 14
84 23 47
84 40 7
88 44 48
91 40 28
93 26 6
94 46 11
95 54 0
98 16 7
98 46 30
