1 37 29
1 58 54
2 24 45
3 4 53
3 34 34
3 43 26
4 3 33
4 36 9
4 58 37
6 10 43
6 28 0
6 36 6
8 16 3
8 23 15
8 24 37
8 28 29
8 48 27
9 48 31
9 49 42
9 54 22
10 14 26
10 21 23
10 55 26
11 24 39
12 5 52
13 29 29
13 53 55
14 5 38
14 19 10
14 19 48
14 22 56
15 13 28
16 44 15
17 14 6
17 18 54
17 30 25
17 41 26
17 46 27
17 55 39
18 36 22
18 38 49
20 54 44
21 40 6
21 55 56
23 26 6
23 44 46
24 35 45
25 21 26
26 10 36
26 34 40
27 38 18
28 42 56
29 34 43
29 44 39
30 28 16
30 41 34
31 13 6
31 42 42
32 47 1
33 19 19
33 31 14
33 45 57
33 55 38
34 49 35
36 0 34
36 7 33
36 45 17
38 7 16
38 7 43
38 9 55
39 48 56
39 55 22
40 27 23
40 34 42
41 8 2
42 26 10
42 33 45
43 25 49
43 51 1
43 57 57
43 58 34
44 18 12
45 5 57
45 31 9
45 51 40
47 7 40
47 28 8
47 57 50
48 39 6
49 47 50
50 18 32
52 24 8
52 32 41
53 14 7
53 35 27
54 4 26
55 0 22
55 38 33
58 30 19
59 26 34
59 27 3
60 53 29
62 35 58
62 38 35
62 47 32
63 9 42
64 35 52
66 11 15
66 57 47
67 47 4
69 7 42
70 4 49
70 35 23
70 49 36
74 6 33
74 13 13
74 23 15
76 1 17
77 43 3
77 59 43
79 39 31
80 38 32
82 5 22
82 12 6
82 35 4
82 40 3
83 18 58
84 25 25
85 25 56
85 29 13
86 17 35
86 20 48
86 47 6
88 22 26
88 22 57
89 1 33
89 2 38
89 10 10
89 14 29
89 23 1
89 24 30
89 46 51
90 17 46
92 3 49
92 11 29
92 20 9
92 29 20
92 32 18
92 52 39
93 36 53
94 22 2
95 21 57
97 9 51
97 13 40
98 14 35
98 34 1
98 56 13
