0 5 13
0 22 44
0 32 56
0 47 19
1 14 49
1 45 52
1 53 24
1 54 52
2 6 49
2 35 8
2 37 53
2 39 22
3 38 4
3 40 3
3 40 44
3 41 51
3 47 40
4 6 41
4 17 3
4 38 1
4 47 34
5 6 48
5 46 28
6 15 53
6 28 3
6 45 12
7 44 52
8 12 16
8 33 4
8 49 3
8 54 39
8 55 58
9 1 0
9 22 37
9 36 13
9 49 29
9 50 41
10 57 53
11 31 41
12 45 28
12 47 1
13 14 29
13 36 53
13 39 48
14 0 32
14 0 51
14 8 21
14 32 21
14 32 54
14 34 57
14 41 20
14 48 8
14 53 3
15 7 59
15 9 25
15 13 37
15 14 57
15 37 45
15 39 38
15 43 57
16 11 17
16 13 10
16 24 33
16 43 37
17 6 24
17 52 22
18 19 7
18 32 48
18 46 18
19 5 0
19 19 30
20 39 2
21 1 31
21 3 32
21 25 32
21 45 54
21 51 33
21 53 2
21 54 3
21 56 6
22 27 52
22 35 10
23 42 14
24 18 17
24 33 22
24 33 24
24 43 19
25 10 29
25 57 28
26 36 23
27 7 47
27 17 37
27 44 44
28 30 3
28 35 32
28 40 14
28 44 47
28 53 31
29 43 53
29 51 6
29 56 49
29 56 50
31 2 14
31 19 13
31 42 50
31 43 8
32 4 59
32 23 54
32 24 10
32 25 4
32 25 45
32 54 18
33 24 44
35 29 3
35 58 59
36 17 42
36 18 18
36 23 55
36 23 59
36 31 24
36 38 43
36 44 32
36 52 5
37 0 38
37 1 3
37 29 21
37 32 48
37 44 49
37 46 34
37 46 56
38 23 1
38 28 44
38 39 2
38 50 21
39 10 14
39 14 45
39 15 47
39 47 58
40 12 56
40 31 18
40 36 14
40 46 6
41 12 36
41 25 45
41 41 51
41 51 39
42 1 48
42 38 23
43 36 22
43 43 29
43 58 31
44 19 39
44 22 37
44 35 21
45 7 29
45 22 22
45 34 43
45 38 33
45 46 28
46 5 41
46 15 2
46 27 32
46 31 35
47 17 59
47 55 22
48 35 30
48 51 20
49 51 31
50 28 32
50 28 36
51 57 39
52 24 49
52 36 32
52 44 22
53 20 34
53 26 54
53 38 29
53 42 25
55 12 19
55 14 54
55 15 41
55 42 3
55 43 44
56 36 48
56 51 42
56 54 43
57 18 44
58 16 20
58 20 19
58 37 10
58 42 40
58 48 45
58 49 3
58 49 27
59 2 17
59 15 48
59 24 22
59 25 8
60 3 17
61 32 7
61 53 41
62 6 17
62 41 49
63 19 24
63 25 2
63 40 50
63 53 53
64 3 44
64 9 43
64 11 43
64 13 54
64 30 56
64 36 32
64 41 7
66 27 29
67 12 6
67 12 46
67 22 39
67 29 7
67 29 37
67 31 12
67 36 28
67 51 33
68 21 55
68 35 23
68 36 57
69 37 20
69 38 38
69 39 48
69 44 53
69 45 42
70 25 40
70 41 4
70 56 18
71 6 7
71 10 35
72 52 10
72 58 7
73 1 52
73 14 21
73 21 4
73 36 57
73 55 14
74 14 14
75 8 41
76 6 2
76 20 55
76 45 17
77 8 4
77 49 18
77 52 46
77 53 39
78 6 33
78 6 45
78 44 4
78 57 30
79 49 2
79 50 14
79 53 57
80 18 9
80 26 51
80 42 31
80 43 10
80 44 9
81 8 36
81 10 5
81 21 1
81 25 58
81 41 55
82 0 2
82 25 7
82 25 47
82 53 20
83 2 48
84 12 12
84 24 52
84 32 38
84 37 26
85 7 10
85 26 56
85 59 24
86 19 38
86 51 52
86 56 48
86 58 11
87 13 11
87 20 15
87 24 18
87 28 14
87 31 10
87 31 50
87 32 56
87 36 47
87 40 56
88 24 43
88 32 45
88 34 22
88 47 39
89 7 48
89 32 32
89 59 40
90 9 7
90 33 10
90 46 38
91 8 2
91 25 1
91 30 17
92 35 0
92 39 29
92 41 16
92 41 36
92 48 16
93 3 2
93 10 43
93 11 52
93 37 55
94 17 41
94 21 56
94 33 36
94 35 22
95 5 10
95 10 32
95 21 20
95 43 7
96 2 32
96 17 13
96 53 26
97 28 42
97 31 32
97 41 50
97 43 38
98 5 30
98 46 22
