1 12 37
1 39 45
1 46 56
2 15 15
3 54 32
4 4 36
4 27 41
4 39 22
4 42 47
4 52 15
5 7 3
5 11 3
5 16 45
5 24 21
5 31 20
5 34 22
5 45 41
6 11 14
6 41 21
6 43 11
6 52 4
6 54 6
6 55 3
7 8 19
7 44 41
7 51 51
7 53 16
8 2 15
8 26 55
8 32 6
8 36 14
8 37 31
8 38 15
8 41 56
8 46 26
9 28 3
9 52 20
9 58 37
10 1 19
10 4 4
10 22 6
10 33 42
11 17 15
11 30 56
11 47 17
12 6 12
12 8 56
12 29 57
12 46 18
12 52 58
12 55 18
14 17 43
14 26 12
14 42 20
15 4 4
15 17 17
15 19 24
15 23 27
15 26 46
15 48 56
16 6 14
16 47 23
16 50 28
16 54 23
16 55 56
17 22 34
17 38 53
18 0 44
18 4 22
18 23 31
19 26 41
19 58 33
20 5 7
20 15 11
20 15 24
20 17 30
20 29 36
20 29 50
20 55 34
20 57 48
21 6 40
21 8 44
21 19 45
21 25 54
21 35 27
21 40 23
21 59 38
22 17 25
22 24 38
22 56 49
23 5 29
24 8 21
24 31 27
24 46 55
25 3 11
25 16 13
25 18 41
25 19 20
25 20 58
25 22 40
25 48 55
25 59 21
26 1 6
26 5 55
26 6 21
26 17 45
26 39 29
27 1 31
27 3 19
27 21 4
27 35 44
27 35 44
28 24 57
28 38 20
28 44 35
29 3 25
29 8 23
29 9 27
29 34 14
29 42 42
29 53 2
29 58 52
30 5 14
30 5 42
30 28 9
30 56 5
30 59 17
31 10 3
31 21 6
31 22 29
31 33 7
31 33 15
31 37 7
31 44 21
32 17 59
32 59 24
34 8 56
34 9 33
34 22 25
34 57 36
35 11 36
35 16 56
35 57 31
36 25 11
36 25 35
36 31 55
36 37 52
36 39 54
37 4 17
37 15 15
37 18 21
37 31 41
37 33 29
37 43 27
37 44 25
37 50 21
37 59 32
38 7 50
38 50 3
38 52 5
38 55 43
39 9 24
39 29 17
39 31 53
39 34 46
39 59 13
40 9 41
40 13 48
40 27 27
40 47 28
40 53 58
40 55 37
41 5 16
41 6 49
41 16 43
41 33 0
41 40 29
41 46 15
41 55 36
42 12 39
42 21 7
42 21 37
42 37 7
42 38 46
42 49 3
43 9 13
43 44 18
45 0 48
45 23 53
45 32 23
45 33 27
45 41 53
45 43 0
45 51 40
45 59 22
46 1 34
46 11 31
46 17 28
46 34 59
46 42 2
47 8 52
48 1 20
48 3 57
48 7 58
48 50 48
48 52 39
49 11 50
49 38 46
50 6 13
50 11 34
50 25 8
50 27 7
50 27 36
50 34 8
50 35 47
50 44 51
50 53 52
50 55 49
51 17 20
51 17 20
51 17 49
51 35 34
51 39 3
51 45 9
52 1 27
52 5 23
52 24 10
52 47 38
53 4 33
53 9 59
53 17 21
53 21 43
53 22 20
53 24 13
53 34 48
53 34 50
53 45 21
53 56 23
54 30 54
54 35 24
54 53 16
54 55 38
55 1 49
55 5 57
55 12 25
55 43 13
56 18 12
56 43 11
56 44 52
56 47 57
57 8 34
57 27 58
57 35 40
57 48 30
57 49 0
57 55 5
58 5 58
58 13 49
58 14 22
58 15 39
58 19 17
58 36 10
59 8 44
59 12 12
60 28 45
60 35 20
60 40 53
61 7 27
61 21 3
61 22 46
61 31 3
61 39 15
61 52 23
61 58 53
62 6 36
62 14 9
62 26 3
62 40 18
62 42 18
62 54 57
62 57 32
63 11 56
63 13 40
63 47 44
64 3 28
64 15 21
64 22 55
64 27 17
64 28 44
64 39 23
64 48 51
65 13 6
65 38 44
65 58 11
66 1 22
66 3 33
66 58 9
67 8 20
67 29 36
67 31 8
67 32 31
67 55 29
68 10 2
68 27 3
68 46 15
69 0 59
69 9 27
69 16 7
69 21 34
69 38 0
69 43 10
69 46 2
70 12 36
70 21 18
70 30 1
70 30 29
70 47 6
70 56 38
71 27 19
71 38 56
71 43 34
72 33 43
72 33 55
72 40 28
72 45 6
72 56 47
73 15 50
73 30 8
73 30 27
73 31 18
73 52 48
73 57 14
73 58 36
74 2 8
74 21 1
74 54 17
74 58 57
75 41 27
75 51 27
75 52 42
75 58 58
76 1 18
76 11 4
76 32 19
76 37 27
76 43 52
76 57 24
77 5 26
77 9 32
77 21 53
77 28 55
77 36 10
78 15 2
78 46 52
78 51 4
78 52 51
79 12 14
79 23 21
79 40 10
79 50 22
80 11 8
80 15 27
80 24 7
80 46 53
80 48 7
80 54 32
80 58 4
81 11 39
81 12 41
81 16 15
81 16 31
81 48 35
81 55 3
82 1 25
82 3 21
82 5 35
82 33 34
82 40 22
82 58 27
83 5 7
83 53 53
84 9 6
84 20 43
84 46 46
85 6 35
85 25 26
85 25 39
85 57 30
85 59 46
86 5 30
86 27 32
86 35 32
87 12 12
87 26 40
87 47 39
87 51 18
87 54 5
88 4 56
88 21 57
89 20 11
89 34 39
89 55 37
90 12 2
90 15 6
90 31 28
91 1 28
91 16 47
91 19 56
91 48 18
91 52 17
91 58 36
91 59 25
92 36 27
92 39 47
92 40 58
92 51 51
93 1 31
93 2 4
93 13 5
93 40 44
93 50 44
94 14 35
94 24 49
94 38 34
95 3 16
95 11 47
95 20 17
95 21 44
95 25 15
95 55 11
96 29 13
96 29 30
96 53 6
97 3 12
97 23 3
97 42 41
98 15 18
98 15 35
98 20 12
98 21 16
98 37 1
98 48 58
98 51 25
98 59 27
