0 8 27
0 19 10
0 19 45
0 38 53
0 40 6
0 40 20
0 49 30
0 53 48
0 57 40
1 18 42
1 22 11
1 26 48
1 29 38
1 33 56
1 35 32
1 38 52
1 42 34
1 47 59
1 52 39
1 53 19
2 1 5
2 8 55
2 11 40
2 13 38
2 14 37
2 17 8
2 18 33
2 19 48
2 25 25
2 26 8
2 28 32
2 30 22
2 30 48
2 43 6
3 19 57
3 20 57
3 26 28
3 35 23
3 42 0
3 47 39
3 53 10
3 54 30
4 26 43
4 30 49
4 32 58
4 42 25
4 48 49
4 54 52
5 3 18
5 3 46
5 5 10
5 6 3
5 6 35
5 8 40
5 14 54
5 42 4
5 42 20
5 47 32
6 11 11
6 47 37
6 51 33
6 51 45
6 52 5
7 3 38
7 4 44
7 12 35
7 14 7
7 23 24
7 24 35
7 25 45
7 28 5
7 33 55
7 39 26
7 44 11
8 11 23
8 19 31
8 21 56
8 25 31
8 33 26
8 53 2
8 56 18
9 16 56
9 17 57
9 22 22
9 22 26
9 35 36
9 36 37
9 42 15
9 43 41
9 44 14
9 44 55
9 56 50
9 57 33
10 4 49
10 6 22
10 7 7
10 14 44
10 15 40
10 29 40
10 33 31
10 35 28
10 40 17
11 6 57
11 11 52
11 21 33
11 24 0
11 52 5
12 3 35
12 12 34
12 24 58
12 27 18
12 28 20
12 33 8
12 38 30
12 42 10
12 52 55
12 59 8
13 2 55
13 16 3
13 21 45
13 27 49
13 30 56
13 33 15
13 35 45
13 38 48
13 43 57
13 45 17
13 59 19
14 1 2
14 5 52
14 19 0
14 22 9
14 23 39
14 29 31
14 33 23
14 38 13
14 44 59
14 48 47
14 51 52
14 55 42
15 3 32
15 14 1
15 15 15
15 22 23
15 24 43
15 39 6
15 43 19
15 52 49
16 4 21
16 7 1
16 8 5
16 17 0
16 28 39
16 30 6
16 31 41
16 44 53
16 47 13
16 50 56
16 51 44
17 9 52
17 24 12
17 28 50
17 40 40
17 47 12
17 50 28
18 0 27
18 1 26
18 14 15
18 20 48
18 26 35
18 35 35
18 35 40
18 44 0
18 48 16
19 1 50
19 6 52
19 9 19
19 15 7
19 18 17
19 19 50
19 20 59
19 25 1
19 29 54
19 37 30
19 40 34
19 49 52
19 52 5
19 54 26
19 59 23
20 6 21
20 7 50
20 30 13
20 33 43
20 35 41
20 38 3
20 44 35
20 48 9
20 54 50
20 59 6
21 0 36
21 24 26
21 28 30
21 30 35
21 48 14
21 56 21
22 5 35
22 10 55
22 25 26
22 33 26
22 47 29
23 7 22
23 14 36
23 26 13
23 30 36
23 40 37
23 51 41
24 1 38
24 4 43
24 11 20
24 13 55
24 26 33
24 42 27
24 50 55
24 56 6
24 57 25
24 59 20
25 0 34
25 4 41
25 10 13
25 17 9
25 22 32
25 24 42
25 31 40
25 34 41
25 40 31
25 50 40
26 4 0
26 4 31
26 6 33
26 7 44
26 8 42
26 16 46
26 19 38
26 19 43
26 32 2
26 32 21
26 35 3
26 39 49
26 40 4
26 54 11
26 56 56
26 58 35
26 59 58
27 0 4
27 2 10
27 4 3
27 5 57
27 12 42
27 15 17
27 17 55
27 27 39
27 40 41
27 43 42
27 48 57
27 50 28
27 57 34
27 59 31
28 9 38
28 14 19
28 29 21
28 32 4
28 36 58
28 39 38
28 42 35
29 4 43
29 6 1
29 13 5
29 16 50
29 22 23
29 27 43
29 30 13
29 30 30
29 31 32
29 34 43
29 55 54
29 56 51
29 58 9
30 2 26
30 6 11
30 8 18
30 18 40
30 20 58
30 21 20
30 27 13
30 46 43
31 3 24
31 5 15
31 5 18
31 6 35
31 9 31
31 24 41
31 26 5
31 28 2
31 35 30
31 41 4
31 54 33
31 54 37
32 6 12
32 10 17
32 11 8
32 12 44
32 27 47
32 31 8
32 37 35
32 40 18
32 40 54
32 46 43
32 54 37
32 54 57
32 59 26
33 3 22
33 10 13
33 16 50
33 20 35
33 23 33
33 27 27
33 50 49
33 51 10
33 53 35
33 56 40
33 57 34
34 13 54
34 24 27
34 31 52
34 34 29
34 37 14
34 40 54
34 46 57
34 49 39
34 50 48
35 16 50
35 19 47
35 22 47
35 33 37
35 38 20
35 46 54
35 54 29
35 59 37
36 10 33
36 11 34
36 15 11
36 33 34
36 33 40
36 39 30
36 46 8
36 48 46
36 58 6
36 59 51
37 0 12
37 0 35
37 9 16
37 23 18
37 23 23
37 29 39
37 31 56
37 35 39
37 44 50
37 54 52
37 55 41
37 57 52
38 2 19
38 6 50
38 7 53
38 8 15
38 10 4
39 6 11
39 7 4
39 10 55
39 11 36
39 14 56
39 18 15
39 23 57
39 27 56
39 31 48
39 33 33
39 36 6
39 42 1
39 42 23
39 53 54
40 2 19
40 4 51
40 8 11
40 9 4
40 10 33
40 11 37
40 18 44
40 20 19
40 25 35
40 25 48
40 36 8
40 42 44
40 55 58
41 0 55
41 1 7
41 13 22
41 21 13
41 21 15
41 23 16
41 47 58
41 49 31
41 56 6
41 57 5
42 6 12
42 10 14
42 14 44
42 14 57
42 26 12
42 32 49
43 13 35
43 17 1
43 28 39
43 34 10
43 47 11
43 57 49
43 59 32
44 1 16
44 5 17
44 9 7
44 9 58
44 12 52
44 13 34
44 25 9
44 37 50
44 42 36
44 49 18
44 51 59
44 56 23
45 7 42
45 10 58
45 32 26
45 37 18
45 37 31
45 41 29
45 44 26
45 47 54
45 50 1
46 1 8
46 6 58
46 9 17
46 30 42
46 35 23
46 47 55
46 53 21
46 54 6
46 56 3
47 8 27
47 8 50
47 12 25
47 15 42
47 18 36
47 26 55
47 37 26
47 38 31
47 41 48
47 42 29
47 44 8
47 45 2
47 47 29
47 48 9
47 48 10
47 48 28
47 56 27
48 5 49
48 9 2
48 13 10
48 20 34
48 22 27
48 22 39
48 27 28
48 28 30
48 30 41
48 36 2
48 43 51
48 46 22
48 51 38
48 59 42
49 6 0
49 15 24
49 25 29
49 26 33
49 29 24
49 36 46
49 49 55
49 53 38
49 54 41
50 13 11
50 13 50
50 23 17
50 29 11
50 36 17
50 36 46
50 38 26
50 50 40
50 56 31
51 5 26
51 8 12
51 11 50
51 15 5
51 26 38
51 34 3
51 38 35
51 50 39
51 58 49
52 1 50
52 6 44
52 14 45
52 29 54
52 30 39
52 31 32
52 32 16
52 37 15
52 45 34
52 50 59
52 57 58
52 59 3
53 1 18
53 11 29
53 14 37
53 14 56
53 21 11
53 40 41
53 44 51
53 46 48
53 51 40
53 57 17
53 57 41
54 3 24
54 4 14
54 6 56
54 7 29
54 8 49
54 27 37
54 29 56
54 31 27
54 34 25
54 34 38
54 35 44
54 39 0
54 44 5
54 45 52
54 49 0
54 57 24
55 1 7
55 16 23
55 19 8
55 33 51
55 38 56
55 39 59
56 10 21
56 20 3
56 20 34
56 27 31
56 31 21
56 36 22
56 39 56
57 7 4
57 9 12
57 9 55
57 10 43
57 12 16
57 21 34
57 21 42
57 24 31
57 32 11
57 36 6
57 39 27
57 43 1
57 43 13
57 43 33
57 46 37
57 53 31
58 21 6
58 21 16
58 26 25
58 38 24
58 38 54
58 39 20
58 40 24
58 48 50
58 53 35
59 5 49
59 20 40
59 22 54
59 25 37
59 29 26
59 30 24
59 38 39
59 40 48
59 56 56
60 7 41
60 7 59
60 8 20
60 8 55
60 15 57
60 17 3
60 27 16
60 46 51
60 51 37
60 59 31
61 2 56
61 9 37
61 18 41
61 31 11
61 31 24
61 43 21
61 46 50
61 52 55
61 54 22
61 54 38
62 3 35
62 3 57
62 16 6
62 22 43
62 29 36
62 36 17
62 38 34
62 39 12
62 44 2
62 44 17
62 50 40
62 57 39
63 4 13
63 5 3
63 8 4
63 8 46
63 13 32
63 29 32
63 35 47
63 46 38
63 58 17
64 21 22
64 24 35
64 32 18
64 36 18
64 38 53
64 39 20
64 39 44
64 42 37
64 49 36
64 57 22
65 2 4
65 5 18
65 8 44
65 21 30
65 39 30
65 41 44
65 49 7
65 56 30
65 56 50
65 59 29
65 59 41
66 1 16
66 10 41
66 10 47
66 13 24
66 35 41
66 36 34
66 39 15
66 45 17
66 46 29
66 56 3
67 4 42
67 9 42
67 12 19
67 12 27
67 13 3
67 13 8
67 27 53
67 30 33
67 33 14
67 35 16
67 51 21
67 56 39
67 57 30
67 57 41
68 2 57
68 9 11
68 10 28
68 11 48
68 21 51
68 26 32
68 26 36
68 33 52
68 41 54
68 42 45
68 51 46
68 59 19
69 1 37
69 10 29
69 16 57
69 23 33
69 35 2
69 35 4
69 40 19
69 40 21
69 52 10
69 59 34
70 2 8
70 8 15
70 17 7
70 20 1
70 25 46
70 34 26
70 42 29
70 48 44
70 51 43
70 52 4
70 53 52
70 54 49
70 55 33
71 1 39
71 9 59
71 16 15
71 19 6
71 24 21
71 24 41
71 28 28
71 28 39
71 32 51
71 42 2
71 50 32
72 7 14
72 9 41
72 14 11
72 15 6
72 22 9
72 33 3
72 40 31
72 44 5
72 48 43
72 55 7
72 59 4
73 9 58
73 18 18
73 25 37
73 26 39
73 34 11
73 52 35
73 52 57
73 58 22
73 59 19
74 1 24
74 9 47
74 11 34
74 15 49
74 19 36
74 29 48
74 31 5
74 48 23
74 50 58
74 56 52
75 1 30
75 7 16
75 10 1
75 16 2
75 16 25
75 19 49
75 25 41
75 27 33
75 38 16
75 39 38
75 39 50
75 43 1
75 43 13
75 44 21
75 44 43
75 46 1
75 58 12
75 59 31
76 30 6
76 34 26
76 41 7
76 52 43
76 56 59
77 1 19
77 2 22
77 7 8
77 30 29
77 39 5
77 45 5
77 48 48
77 54 49
78 5 11
78 5 47
78 8 13
78 16 43
78 17 56
78 23 13
78 23 39
78 25 25
78 29 24
78 32 29
78 37 16
78 37 21
78 39 26
78 40 48
78 42 53
78 46 4
78 57 57
78 58 29
79 4 39
79 11 10
79 20 47
79 35 15
79 41 27
79 45 39
79 46 39
80 2 21
80 6 48
80 7 56
80 11 34
80 22 4
80 22 34
80 24 48
80 47 57
80 50 14
80 53 13
81 0 10
81 1 15
81 2 50
81 5 6
81 16 44
81 17 29
81 21 11
81 31 47
81 33 56
81 38 4
81 40 25
81 49 27
81 58 10
82 24 28
82 30 37
82 32 31
82 33 55
82 40 40
82 42 40
82 48 37
82 49 50
82 51 45
82 54 33
83 2 51
83 4 59
83 6 1
83 8 36
83 13 16
83 25 56
83 26 28
83 26 43
83 29 46
83 31 20
83 39 57
83 41 9
83 44 20
83 50 58
84 15 27
84 22 8
84 30 1
84 30 16
84 31 57
84 32 43
84 39 30
84 42 6
84 46 51
84 46 53
84 46 56
84 47 17
85 0 26
85 4 4
85 8 0
85 11 52
85 19 15
85 22 7
85 25 0
85 29 3
85 30 11
85 30 34
85 34 4
85 35 16
85 37 11
85 41 49
85 47 17
85 56 24
85 57 48
85 58 28
86 0 38
86 4 5
86 4 49
86 6 31
86 9 55
86 10 29
86 13 55
86 17 15
86 29 47
86 32 44
86 37 38
86 39 10
86 40 24
86 44 13
87 2 16
87 17 17
87 29 3
87 43 36
87 56 28
87 58 0
88 0 28
88 13 1
88 18 41
88 20 27
88 25 30
88 27 40
88 27 44
88 28 4
88 45 20
88 48 48
88 53 57
89 4 19
89 5 28
89 10 43
89 25 39
89 50 5
90 12 27
90 13 45
90 16 21
90 20 0
90 24 33
90 29 33
90 36 17
90 37 1
90 37 57
90 46 32
90 46 45
90 52 47
90 58 21
91 2 23
91 4 18
91 6 11
91 13 42
91 15 21
91 16 27
91 34 15
91 39 20
91 46 55
91 48 38
91 52 54
91 52 55
91 54 47
92 4 16
92 9 24
92 15 25
92 21 30
92 33 49
92 43 37
92 50 8
93 7 44
93 11 42
93 18 12
93 33 20
93 36 4
93 44 26
93 44 57
93 45 30
93 52 37
93 53 48
94 8 54
94 20 46
94 21 36
94 22 26
94 39 26
94 40 35
94 42 58
94 52 8
95 2 44
95 3 46
95 5 28
95 25 56
95 36 52
95 37 24
95 38 35
95 43 27
95 51 28
95 52 51
95 58 25
96 1 58
96 4 47
96 13 57
96 14 23
96 18 53
96 23 2
96 24 18
96 24 33
96 28 11
96 32 57
96 48 36
96 53 34
96 53 59
97 9 31
97 10 1
97 13 32
97 14 11
97 18 35
97 24 19
97 40 19
97 42 11
97 44 18
97 54 4
98 0 51
98 13 38
98 17 12
98 34 31
98 45 11
98 48 50
98 50 18
