0 1 10
0 5 5
0 8 10
0 9 2
0 10 17
0 10 26
0 12 20
0 12 48
0 14 53
0 21 44
0 21 58
0 22 55
0 24 0
0 27 48
0 28 5
0 29 46
0 31 32
0 33 37
0 37 1
0 37 8
0 40 22
0 41 3
0 45 40
0 51 27
0 52 50
0 57 10
0 59 34
1 2 28
1 3 17
1 3 47
1 9 22
1 13 37
1 14 7
1 14 15
1 15 6
1 17 17
1 17 28
1 18 33
1 21 11
1 22 33
1 22 57
1 25 2
1 31 51
1 32 18
1 38 34
1 41 47
1 41 51
1 42 14
1 46 41
1 48 37
1 48 53
1 51 13
1 51 19
1 53 35
1 54 10
1 54 37
1 57 7
1 58 47
2 3 59
2 5 49
2 13 4
2 21 5
2 25 10
2 26 10
2 29 56
2 30 37
2 32 30
2 32 41
2 35 34
2 38 11
2 44 11
2 45 27
2 48 20
2 48 49
2 49 50
2 50 58
2 56 26
3 4 44
3 5 7
3 5 36
3 5 49
3 6 28
3 18 32
3 18 35
3 19 46
3 20 24
3 23 54
3 24 52
3 28 47
3 28 59
3 29 40
3 32 7
3 36 20
3 37 26
3 38 33
3 44 16
3 44 57
3 45 7
3 47 46
3 52 23
3 53 14
3 53 24
3 55 48
4 2 50
4 3 28
4 9 31
4 13 11
4 13 17
4 15 14
4 29 45
4 31 43
4 33 59
4 38 53
4 39 43
4 42 17
4 43 20
4 47 14
4 47 57
4 52 36
4 52 39
4 55 58
4 57 30
5 0 46
5 0 48
5 2 1
5 5 7
5 9 12
5 11 28
5 14 56
5 17 41
5 18 16
5 22 5
5 26 48
5 28 39
5 28 44
5 30 33
5 39 45
5 42 41
5 45 0
5 45 6
5 46 13
5 47 22
5 49 15
5 53 2
5 54 22
5 57 34
6 0 25
6 3 11
6 4 41
6 5 31
6 5 45
6 6 48
6 12 37
6 14 27
6 15 54
6 18 3
6 20 16
6 22 43
6 23 16
6 23 56
6 25 2
6 28 53
6 29 3
6 29 26
6 31 44
6 33 29
6 34 28
6 36 49
6 39 19
6 41 11
6 44 45
6 46 3
6 47 43
6 49 34
6 50 36
6 50 42
6 52 22
6 54 23
6 58 59
6 59 16
7 2 31
7 5 57
7 11 4
7 14 47
7 16 50
7 21 47
7 22 17
7 24 52
7 32 45
7 34 46
7 36 47
7 38 2
7 40 52
7 41 29
7 49 40
7 50 58
7 59 53
8 1 45
8 2 44
8 4 21
8 4 26
8 12 1
8 21 0
8 21 30
8 23 12
8 24 34
8 24 54
8 26 56
8 29 25
8 38 2
8 38 37
8 40 6
8 41 31
8 42 27
8 49 42
8 53 26
8 54 53
8 57 4
9 1 54
9 3 5
9 8 0
9 9 56
9 10 52
9 23 0
9 26 19
9 27 56
9 31 30
9 33 47
9 35 24
9 38 31
9 40 18
9 41 2
9 47 49
9 48 5
9 50 30
9 51 37
9 59 55
10 4 53
10 6 21
10 9 56
10 12 22
10 13 31
10 13 50
10 16 47
10 17 24
10 20 10
10 20 35
10 23 51
10 28 9
10 29 28
10 30 32
10 31 59
10 32 38
10 34 52
10 35 10
10 37 12
10 43 18
10 44 39
10 45 9
10 46 13
10 47 27
10 49 27
10 50 58
10 53 42
10 54 16
10 56 19
10 57 6
11 1 6
11 3 47
11 6 14
11 12 2
11 23 13
11 29 20
11 32 58
11 34 2
11 38 30
11 39 22
11 40 26
11 40 40
11 44 53
11 48 2
11 48 23
11 51 46
11 55 19
12 5 1
12 5 11
12 7 49
12 14 14
12 16 3
12 17 34
12 18 57
12 21 44
12 24 31
12 26 55
12 37 0
12 37 52
12 42 29
12 44 52
12 45 12
12 45 34
12 46 27
12 46 56
12 47 8
12 54 33
12 56 19
13 0 0
13 1 20
13 3 41
13 4 13
13 4 41
13 4 47
13 10 9
13 11 35
13 14 27
13 16 14
13 17 44
13 24 27
13 25 21
13 26 20
13 27 59
13 30 36
13 39 31
13 40 8
13 43 9
13 43 46
13 56 40
13 57 9
14 2 47
14 5 27
14 15 49
14 21 44
14 22 18
14 26 32
14 28 2
14 33 2
14 35 8
14 38 54
14 43 23
14 46 55
14 49 6
14 49 59
15 0 41
15 2 35
15 2 44
15 3 36
15 6 32
15 7 56
15 10 25
15 15 0
15 15 46
15 18 32
15 27 50
15 28 43
15 30 39
15 32 22
15 33 20
15 37 3
15 38 10
15 39 31
15 40 17
15 43 18
15 43 25
15 47 41
15 49 26
15 50 18
15 54 52
15 55 7
16 0 37
16 0 52
16 3 4
16 3 52
16 4 51
16 12 17
16 24 52
16 32 51
16 35 53
16 39 48
16 41 2
16 41 45
16 45 49
16 50 25
17 0 25
17 3 20
17 3 56
17 5 32
17 6 22
17 6 39
17 13 10
17 17 45
17 19 5
17 20 46
17 26 15
17 26 16
17 26 52
17 27 46
17 34 22
17 34 56
17 40 12
17 40 26
17 42 46
17 53 30
17 55 29
18 3 34
18 4 12
18 4 12
18 5 38
18 8 53
18 9 11
18 10 29
18 10 32
18 11 50
18 13 28
18 15 37
18 20 13
18 21 2
18 21 29
18 21 58
18 27 12
18 27 30
18 30 42
18 34 5
18 37 45
18 38 26
18 49 18
18 49 23
18 51 20
18 53 7
18 54 44
18 56 47
19 1 4
19 1 26
19 2 57
19 5 11
19 10 43
19 18 22
19 19 3
19 23 41
19 26 23
19 27 27
19 30 6
19 32 33
19 40 41
19 40 46
19 42 45
19 45 5
19 52 27
19 53 25
19 56 51
19 58 37
20 9 37
20 9 52
20 10 1
20 11 57
20 14 43
20 15 47
20 22 9
20 28 18
20 29 54
20 35 27
20 37 29
20 38 40
20 41 33
20 41 48
20 47 52
20 49 12
20 54 35
21 0 52
21 1 23
21 5 57
21 6 39
21 7 41
21 9 23
21 13 46
21 18 4
21 19 18
21 22 52
21 23 11
21 24 12
21 24 24
21 26 46
21 27 2
21 27 16
21 28 20
21 30 40
21 31 6
21 33 39
21 35 56
21 39 37
21 41 35
21 43 50
21 49 26
21 50 48
21 54 12
21 55 9
21 56 6
21 57 12
21 58 34
21 59 23
22 0 44
22 1 31
22 2 7
22 4 23
22 5 37
22 5 38
22 8 8
22 10 31
22 22 30
22 22 46
22 26 15
22 29 7
22 32 3
22 33 11
22 36 1
22 42 36
22 45 37
22 46 8
22 48 28
22 49 39
22 50 24
22 50 30
22 50 50
22 55 19
23 2 7
23 9 38
23 14 21
23 16 17
23 23 22
23 28 42
23 30 6
23 31 36
23 32 23
23 34 40
23 38 12
23 42 29
23 43 6
23 43 27
23 43 31
23 44 18
23 45 54
23 45 57
23 48 18
23 48 53
23 51 49
23 56 21
24 4 4
24 5 56
24 6 1
24 7 20
24 9 31
24 16 25
24 28 59
24 30 41
24 33 36
24 37 34
24 38 43
24 42 24
24 43 15
24 45 17
24 49 32
24 51 9
24 54 2
24 57 52
25 1 31
25 2 35
25 7 38
25 9 53
25 10 0
25 10 46
25 14 16
25 14 44
25 15 52
25 16 55
25 22 47
25 26 17
25 28 34
25 33 49
25 45 3
25 48 13
25 48 55
25 52 9
25 53 31
26 0 13
26 0 53
26 0 56
26 2 0
26 4 59
26 5 41
26 6 25
26 9 33
26 11 3
26 11 41
26 13 16
26 16 51
26 19 17
26 20 52
26 21 20
26 26 41
26 27 15
26 28 16
26 28 24
26 41 7
26 42 50
26 49 15
26 51 24
26 52 41
26 54 54
27 1 57
27 10 22
27 11 12
27 13 26
27 14 28
27 15 4
27 17 15
27 18 55
27 20 39
27 21 17
27 27 18
27 31 21
27 31 40
27 32 42
27 33 5
27 34 49
27 35 8
27 38 26
27 47 18
27 48 38
27 49 11
27 54 58
27 58 7
27 59 59
28 0 16
28 1 46
28 4 32
28 5 14
28 6 8
28 8 52
28 10 19
28 18 34
28 22 6
28 22 58
28 23 41
28 25 24
28 27 49
28 28 40
28 30 43
28 32 10
28 34 46
28 38 42
28 45 27
28 56 50
29 0 12
29 1 23
29 2 19
29 5 52
29 13 25
29 14 34
29 16 53
29 19 23
29 21 26
29 28 31
29 29 29
29 31 9
29 34 5
29 36 43
29 37 17
29 44 16
29 47 43
29 47 59
29 48 36
29 52 32
29 56 6
30 1 0
30 4 4
30 14 11
30 14 41
30 17 6
30 27 14
30 27 31
30 32 57
30 37 38
30 44 40
30 45 53
30 54 15
30 56 1
31 2 4
31 2 9
31 3 26
31 9 54
31 10 29
31 11 4
31 13 23
31 15 0
31 17 10
31 22 17
31 25 6
31 25 47
31 31 42
31 36 52
31 38 0
31 38 15
31 40 49
31 41 39
31 42 37
31 43 23
31 44 17
31 48 54
31 49 49
31 50 56
31 51 31
31 51 55
31 55 31
31 55 48
31 57 56
31 58 26
31 58 45
32 1 15
32 4 47
32 10 49
32 13 14
32 15 5
32 19 29
32 19 59
32 20 9
32 21 17
32 23 15
32 23 24
32 27 10
32 29 37
32 31 11
32 31 45
32 37 40
32 46 56
32 49 37
32 49 55
32 53 42
32 57 1
32 59 32
32 59 36
33 1 54
33 6 4
33 6 25
33 10 6
33 15 4
33 20 54
33 26 3
33 26 50
33 27 54
33 32 50
33 33 12
33 34 12
33 37 3
33 40 21
33 40 42
33 42 38
33 45 47
33 48 14
33 51 11
33 57 9
34 4 36
34 5 2
34 7 16
34 7 17
34 8 19
34 9 6
34 11 2
34 18 55
34 22 2
34 23 53
34 28 30
34 28 59
34 31 10
34 35 10
34 40 31
34 44 8
34 45 57
34 52 33
34 58 16
35 0 55
35 4 10
35 6 56
35 6 57
35 9 31
35 11 16
35 12 10
35 15 9
35 15 28
35 22 9
35 25 9
35 25 10
35 26 15
35 28 46
35 30 14
35 30 36
35 31 42
35 32 11
35 34 44
35 34 56
35 36 46
35 37 0
35 43 22
35 43 35
35 43 36
35 46 8
35 51 48
35 54 41
35 57 29
35 57 36
36 0 6
36 0 23
36 4 29
36 6 5
36 9 45
36 9 45
36 11 32
36 17 35
36 18 4
36 21 23
36 26 42
36 29 34
36 32 59
36 37 43
36 41 36
36 41 47
36 45 30
36 48 30
36 50 53
36 51 11
36 54 24
36 57 5
36 59 36
37 1 32
37 1 41
37 3 34
37 4 30
37 4 51
37 9 17
37 9 44
37 11 48
37 12 21
37 14 2
37 15 9
37 15 33
37 15 54
37 16 52
37 19 7
37 19 16
37 21 22
37 24 7
37 24 47
37 29 7
37 34 20
37 34 27
37 37 2
37 39 26
37 39 29
37 42 22
37 43 26
37 45 10
37 45 39
37 46 15
37 49 25
37 50 24
37 50 29
37 52 26
37 55 57
38 1 50
38 1 55
38 3 1
38 4 18
38 4 27
38 4 49
38 5 26
38 7 9
38 8 28
38 13 47
38 16 22
38 23 25
38 25 32
38 27 30
38 29 3
38 31 35
38 35 19
38 35 54
38 35 56
38 38 58
38 40 13
38 41 34
38 42 57
38 43 15
38 50 4
38 55 41
38 56 52
39 6 44
39 13 23
39 14 10
39 19 0
39 25 47
39 26 30
39 28 43
39 31 4
39 33 35
39 38 59
39 42 41
39 46 18
39 48 57
39 54 25
39 56 30
39 57 32
40 0 5
40 3 3
40 3 15
40 3 44
40 4 47
40 5 59
40 13 24
40 16 3
40 19 29
40 20 53
40 21 31
40 21 59
40 24 1
40 25 3
40 29 49
40 31 16
40 34 22
40 34 46
40 34 51
40 35 20
40 45 14
40 47 35
40 51 17
40 51 36
40 53 55
40 54 37
40 54 51
40 57 49
41 3 11
41 6 58
41 7 53
41 8 37
41 9 40
41 13 52
41 15 14
41 16 25
41 24 4
41 24 7
41 28 0
41 28 33
41 33 30
41 40 32
41 40 40
41 42 5
41 46 22
41 49 33
41 57 11
42 1 23
42 1 59
42 4 8
42 5 22
42 5 53
42 6 48
42 10 14
42 11 7
42 13 5
42 14 17
42 15 22
42 25 20
42 25 32
42 29 31
42 31 34
42 33 49
42 38 19
42 44 24
42 46 27
42 49 21
42 56 3
42 56 44
42 56 51
42 57 10
43 1 57
43 8 15
43 12 26
43 14 35
43 20 31
43 20 44
43 25 2
43 30 50
43 31 8
43 43 8
43 44 7
43 44 9
43 47 57
43 57 39
43 58 56
43 59 25
43 59 37
43 59 58
44 1 6
44 2 17
44 3 3
44 8 12
44 12 17
44 13 34
44 13 49
44 14 12
44 14 48
44 19 28
44 24 12
44 28 1
44 29 58
44 30 30
44 30 54
44 32 42
44 33 17
44 33 21
44 34 39
44 35 18
44 35 31
44 36 26
44 39 21
44 39 37
44 40 35
44 45 42
44 45 48
44 55 44
44 57 30
44 58 29
45 0 25
45 2 36
45 14 37
45 17 56
45 18 38
45 21 25
45 26 26
45 31 58
45 32 36
45 33 28
45 35 40
45 38 28
45 42 59
45 43 11
45 45 5
45 45 46
45 46 52
45 47 57
45 48 36
45 52 37
45 56 1
45 57 13
45 57 53
45 58 38
45 59 32
46 1 17
46 1 25
46 1 37
46 5 19
46 10 21
46 21 43
46 21 45
46 26 5
46 26 12
46 31 26
46 33 56
46 34 32
46 34 42
46 37 58
46 38 18
46 39 41
46 40 2
46 41 1
46 47 2
46 55 50
46 58 27
46 59 4
47 4 40
47 8 29
47 15 29
47 16 47
47 20 45
47 23 24
47 26 59
47 27 10
47 32 8
47 32 52
47 35 18
47 36 50
47 38 18
47 41 24
47 41 26
47 45 23
47 45 50
47 46 48
47 47 12
47 48 51
47 51 11
47 54 52
47 55 38
47 55 59
47 57 6
47 58 12
48 1 38
48 2 22
48 5 2
48 7 8
48 9 43
48 15 45
48 18 12
48 22 34
48 23 24
48 26 14
48 26 44
48 28 26
48 31 35
48 31 57
48 35 23
48 38 49
48 40 18
48 42 47
48 45 22
48 55 29
48 58 24
49 0 15
49 1 30
49 3 34
49 4 5
49 5 7
49 8 28
49 12 36
49 13 24
49 15 47
49 17 19
49 32 21
49 34 11
49 40 38
49 43 0
49 45 38
49 48 53
49 50 15
49 51 55
49 53 58
49 55 27
49 57 26
49 58 29
49 59 4
50 0 1
50 1 6
50 1 35
50 1 46
50 6 32
50 6 57
50 9 6
50 10 3
50 11 25
50 13 40
50 15 18
50 18 51
50 21 58
50 23 11
50 23 37
50 27 24
50 30 17
50 31 20
50 35 18
50 36 13
50 44 56
50 45 9
50 45 15
50 52 43
50 54 22
50 57 41
51 1 51
51 2 17
51 2 52
51 7 9
51 14 9
51 18 18
51 25 59
51 33 45
51 38 34
51 47 14
51 50 29
51 50 35
51 53 22
51 54 40
51 54 57
51 55 59
51 57 58
52 1 11
52 1 16
52 9 58
52 10 39
52 14 9
52 14 42
52 21 3
52 22 47
52 23 49
52 24 57
52 26 44
52 27 55
52 28 2
52 29 18
52 31 19
52 34 15
52 35 19
52 36 34
52 39 43
52 43 40
52 47 16
52 49 59
52 51 47
52 52 6
52 53 22
52 53 32
52 53 33
52 56 6
53 1 21
53 2 5
53 3 4
53 5 7
53 5 54
53 14 3
53 14 21
53 15 21
53 21 8
53 21 44
53 29 33
53 29 52
53 30 45
53 33 58
53 35 47
53 42 10
53 42 39
53 43 56
53 44 54
53 46 3
53 46 3
53 48 14
53 50 1
53 50 43
53 51 5
53 51 38
53 52 57
53 54 20
53 57 43
54 1 31
54 1 48
54 1 56
54 2 8
54 3 2
54 7 1
54 9 20
54 9 47
54 12 4
54 13 26
54 14 3
54 16 30
54 20 14
54 25 4
54 34 0
54 35 20
54 38 40
54 38 45
54 39 53
54 40 20
54 41 53
54 44 18
54 44 55
54 44 59
54 51 27
54 56 37
55 0 14
55 9 33
55 11 26
55 11 44
55 12 17
55 13 4
55 17 31
55 22 41
55 25 42
55 28 23
55 31 45
55 36 38
55 38 13
55 39 54
55 47 52
55 51 24
55 52 23
56 1 27
56 2 34
56 11 43
56 12 5
56 12 6
56 12 42
56 14 14
56 15 54
56 18 22
56 18 29
56 22 43
56 25 11
56 32 4
56 34 58
56 36 11
56 38 28
56 41 27
56 42 25
56 43 6
56 43 57
56 47 7
56 47 17
56 52 40
56 53 5
56 56 19
56 57 53
56 58 14
57 1 36
57 3 52
57 9 48
57 10 0
57 10 44
57 13 25
57 15 10
57 18 30
57 18 52
57 19 19
57 38 58
57 42 25
57 43 16
57 43 42
57 44 53
57 46 36
57 47 41
58 3 42
58 5 39
58 5 46
58 7 15
58 9 2
58 9 20
58 14 42
58 15 5
58 18 44
58 22 3
58 24 51
58 35 29
58 40 27
58 47 20
58 48 22
58 51 36
58 53 1
58 54 25
58 57 43
58 59 17
59 5 19
59 6 45
59 7 38
59 10 52
59 12 16
59 18 42
59 26 44
59 36 0
59 37 53
59 39 24
59 40 57
59 44 27
59 45 47
59 52 8
59 56 3
59 58 35
60 0 5
60 1 48
60 2 17
60 4 0
60 11 5
60 12 57
60 12 59
60 13 36
60 14 1
60 18 53
60 21 12
60 24 29
60 29 7
60 36 11
60 39 18
60 41 41
60 47 49
60 54 11
60 55 50
60 57 25
61 0 57
61 2 0
61 2 13
61 2 16
61 10 28
61 20 10
61 20 49
61 34 57
61 38 27
61 38 46
61 47 1
61 50 52
61 52 54
61 57 35
61 59 45
62 0 8
62 3 40
62 4 2
62 7 54
62 8 17
62 11 45
62 14 15
62 20 22
62 21 25
62 25 4
62 29 40
62 32 19
62 32 24
62 37 42
62 39 5
62 39 50
62 39 54
62 46 55
62 48 45
62 49 57
62 50 15
62 54 2
62 58 55
63 6 11
63 6 15
63 7 22
63 11 26
63 12 14
63 12 39
63 13 0
63 14 41
63 19 4
63 21 45
63 23 52
63 24 33
63 27 8
63 28 44
63 29 29
63 32 8
63 37 40
63 38 17
63 42 3
63 42 38
63 47 33
63 49 57
63 50 39
63 52 12
63 55 40
63 57 36
63 57 41
64 0 3
64 1 34
64 1 45
64 5 49
64 9 47
64 10 42
64 12 55
64 22 51
64 26 11
64 38 33
64 44 13
64 50 5
64 54 21
64 54 36
64 54 54
64 55 7
64 59 11
64 59 27
64 59 40
65 0 22
65 0 57
65 1 1
65 4 0
65 5 39
65 6 2
65 11 6
65 12 59
65 13 53
65 14 40
65 16 21
65 17 34
65 21 52
65 23 5
65 23 17
65 25 5
65 26 0
65 32 20
65 32 54
65 35 2
65 37 4
65 44 50
65 45 43
65 52 28
65 54 19
65 56 13
65 58 20
65 58 28
65 59 40
66 4 37
66 5 29
66 6 20
66 9 49
66 12 10
66 12 45
66 13 58
66 14 19
66 15 36
66 21 55
66 27 12
66 27 13
66 27 21
66 28 25
66 31 55
66 32 7
66 38 53
66 40 12
66 45 37
66 50 44
66 52 33
67 0 45
67 4 36
67 6 23
67 6 43
67 8 29
67 8 55
67 10 50
67 12 42
67 13 4
67 13 33
67 14 19
67 17 29
67 22 32
67 27 27
67 34 18
67 35 3
67 36 6
67 37 10
67 40 36
67 42 33
67 48 21
67 49 13
67 54 0
67 56 58
67 57 5
68 3 10
68 5 38
68 7 50
68 9 35
68 11 39
68 13 36
68 17 5
68 18 53
68 20 15
68 21 33
68 36 28
68 39 43
68 39 56
68 40 58
68 41 39
68 46 28
68 52 50
69 0 41
69 2 41
69 7 12
69 8 51
69 8 52
69 12 3
69 16 30
69 25 20
69 26 36
69 26 54
69 28 19
69 28 49
69 31 17
69 33 7
69 36 59
69 37 11
69 38 19
69 44 59
69 45 12
69 45 40
69 45 56
69 46 51
69 47 9
69 48 48
69 55 2
69 55 53
69 56 32
70 0 29
70 2 7
70 8 2
70 9 46
70 9 59
70 10 47
70 18 27
70 21 15
70 24 28
70 27 1
70 28 41
70 29 55
70 30 16
70 30 57
70 31 27
70 39 0
70 42 10
70 42 54
70 45 37
70 47 38
70 49 38
70 50 11
70 57 35
70 58 32
71 0 46
71 4 33
71 4 42
71 16 49
71 17 40
71 20 55
71 22 5
71 24 44
71 25 29
71 26 33
71 32 14
71 33 46
71 39 41
71 40 51
71 43 57
71 50 4
71 50 51
71 50 55
71 52 36
71 52 46
71 54 13
71 54 32
71 56 37
71 56 55
71 58 35
72 5 0
72 5 10
72 22 35
72 25 37
72 36 49
72 39 58
72 40 44
72 41 9
72 49 9
72 59 7
72 59 23
73 8 29
73 8 31
73 10 4
73 14 13
73 15 54
73 17 31
73 20 39
73 21 10
73 29 42
73 30 53
73 31 34
73 33 11
73 35 25
73 47 4
73 47 40
73 49 31
73 51 43
73 54 32
73 58 35
73 59 4
73 59 12
74 0 56
74 8 57
74 9 3
74 21 49
74 23 16
74 23 45
74 26 32
74 33 45
74 35 35
74 36 5
74 37 7
74 38 37
74 38 48
74 39 0
74 39 17
74 44 29
74 45 17
74 45 29
74 46 16
74 57 49
74 59 50
75 0 59
75 1 7
75 1 36
75 4 31
75 8 59
75 9 59
75 11 30
75 11 58
75 12 7
75 15 25
75 18 5
75 21 21
75 26 11
75 26 51
75 28 48
75 30 34
75 31 56
75 35 29
75 37 0
75 40 14
75 41 25
75 47 38
75 52 17
75 55 30
75 56 3
75 57 20
75 57 22
75 59 15
75 59 37
76 2 44
76 3 21
76 4 32
76 5 36
76 5 36
76 5 53
76 8 55
76 9 18
76 14 46
76 15 5
76 22 50
76 24 5
76 24 52
76 26 27
76 26 50
76 27 12
76 27 18
76 27 26
76 29 42
76 33 53
76 35 7
76 40 48
76 41 26
76 48 14
76 49 28
76 51 17
76 52 27
76 52 41
76 53 26
76 53 52
76 56 9
77 2 11
77 3 43
77 5 33
77 7 16
77 10 2
77 13 16
77 19 21
77 19 57
77 22 57
77 25 32
77 27 29
77 28 52
77 29 35
77 29 56
77 32 56
77 34 26
77 38 13
77 38 34
77 41 35
77 41 54
77 46 2
77 55 19
77 56 14
77 57 44
78 8 2
78 10 15
78 12 14
78 12 50
78 13 10
78 13 42
78 16 44
78 17 20
78 17 29
78 17 33
78 18 15
78 20 45
78 26 18
78 30 54
78 31 2
78 35 57
78 37 20
78 37 48
78 39 25
78 40 40
78 46 38
78 49 19
78 51 16
78 52 22
78 57 8
78 57 33
79 0 9
79 4 57
79 5 16
79 5 18
79 15 59
79 16 13
79 19 38
79 25 33
79 28 54
79 31 28
79 32 21
79 35 30
79 36 6
79 38 9
79 40 8
79 48 39
79 53 52
79 54 26
79 54 58
79 55 21
79 57 36
80 3 29
80 4 0
80 4 20
80 5 17
80 7 40
80 8 52
80 9 36
80 11 35
80 15 33
80 18 39
80 21 36
80 22 22
80 28 25
80 30 16
80 34 11
80 38 7
81 0 3
81 3 52
81 6 28
81 7 28
81 9 34
81 14 4
81 20 56
81 23 4
81 31 26
81 33 38
81 38 6
81 39 40
81 39 44
81 40 58
81 42 41
81 46 41
81 53 35
82 4 37
82 8 8
82 9 21
82 10 31
82 13 3
82 14 40
82 17 9
82 22 54
82 34 21
82 45 38
82 50 46
82 54 31
82 57 54
82 59 42
83 4 11
83 5 44
83 9 25
83 13 12
83 14 28
83 18 21
83 18 32
83 21 5
83 30 26
83 31 46
83 32 20
83 33 17
83 37 38
83 37 44
83 44 58
83 45 11
83 50 57
83 56 49
83 57 50
83 58 0
84 3 4
84 7 4
84 7 26
84 8 42
84 14 33
84 18 57
84 22 2
84 24 21
84 24 27
84 25 22
84 29 33
84 31 7
84 40 15
84 41 51
84 48 0
84 48 44
84 50 3
84 50 24
84 50 54
84 53 7
84 53 38
84 57 17
84 58 25
85 0 53
85 1 33
85 6 38
85 10 15
85 16 38
85 21 36
85 23 20
85 24 34
85 25 55
85 28 2
85 28 18
85 29 20
85 39 6
85 42 2
85 44 2
85 45 4
85 47 40
85 48 44
85 48 52
85 51 48
85 52 0
85 54 34
85 56 57
85 57 56
86 1 2
86 3 21
86 3 57
86 5 8
86 8 46
86 18 48
86 24 54
86 25 42
86 25 59
86 27 23
86 29 13
86 33 35
86 40 36
86 41 56
86 45 59
86 47 6
86 47 53
86 49 48
86 50 13
86 50 35
87 1 30
87 3 16
87 5 10
87 5 26
87 5 59
87 6 54
87 8 43
87 10 38
87 11 22
87 11 42
87 16 4
87 24 32
87 24 37
87 25 31
87 25 53
87 28 4
87 29 38
87 29 51
87 33 5
87 33 9
87 45 4
87 46 22
87 46 50
87 52 41
88 0 54
88 1 49
88 5 25
88 5 44
88 9 57
88 10 25
88 12 4
88 14 41
88 14 44
88 15 29
88 21 4
88 22 55
88 26 53
88 28 51
88 32 33
88 34 9
88 35 13
88 38 39
88 42 23
88 44 28
88 49 49
88 52 38
89 0 29
89 2 43
89 3 48
89 5 37
89 9 20
89 18 15
89 18 56
89 20 48
89 22 54
89 25 25
89 26 17
89 27 51
89 30 44
89 32 26
89 33 2
89 34 20
89 36 19
89 45 21
89 47 18
89 54 6
89 54 13
89 56 36
90 3 47
90 4 58
90 8 11
90 13 42
90 15 7
90 21 29
90 21 52
90 24 12
90 31 50
90 34 27
90 34 39
90 35 19
90 35 59
90 36 18
90 36 58
90 37 23
90 40 4
90 42 40
90 43 44
90 44 46
90 45 59
90 46 52
90 48 31
90 51 22
90 56 8
90 56 32
90 59 9
90 59 43
91 6 2
91 7 9
91 14 50
91 17 50
91 18 31
91 19 16
91 19 47
91 23 4
91 23 45
91 24 42
91 25 8
91 28 2
91 29 40
91 30 36
91 37 39
91 39 23
91 42 39
91 43 34
91 44 17
91 46 45
91 48 23
91 56 12
91 56 44
91 57 6
91 57 44
91 58 11
91 58 46
92 1 34
92 3 59
92 5 3
92 5 25
92 7 2
92 11 14
92 12 28
92 15 49
92 20 50
92 21 28
92 22 21
92 30 16
92 31 26
92 34 45
92 35 4
92 35 25
92 37 32
92 38 30
92 39 39
92 42 11
92 45 14
92 53 36
92 55 2
92 58 14
93 6 21
93 10 25
93 15 15
93 16 1
93 16 8
93 18 19
93 21 14
93 21 27
93 25 11
93 27 41
93 29 52
93 31 8
93 32 30
93 37 26
93 42 5
93 48 11
93 51 46
93 58 8
93 59 4
94 3 53
94 4 59
94 6 41
94 7 33
94 8 40
94 10 59
94 11 39
94 13 39
94 16 6
94 19 10
94 20 52
94 21 16
94 23 19
94 23 22
94 23 33
94 26 50
94 28 57
94 29 9
94 31 49
94 37 29
94 39 33
94 47 49
94 49 56
94 55 0
94 56 11
94 59 29
94 59 35
95 0 57
95 2 1
95 5 4
95 5 44
95 6 19
95 7 23
95 8 20
95 12 46
95 13 47
95 19 48
95 21 49
95 28 20
95 30 2
95 35 7
95 38 0
95 41 8
95 42 57
95 50 37
95 54 48
95 57 16
95 58 27
95 59 12
96 3 58
96 4 58
96 5 29
96 9 36
96 10 44
96 11 18
96 11 37
96 12 52
96 12 56
96 13 27
96 14 40
96 16 56
96 18 11
96 20 40
96 29 35
96 43 48
96 45 7
96 45 58
96 46 43
96 53 58
96 55 49
97 0 34
97 11 52
97 12 38
97 13 9
97 21 40
97 26 32
97 26 52
97 27 36
97 28 45
97 29 25
97 30 28
97 33 50
97 34 40
97 39 24
97 40 10
97 47 4
97 55 27
98 1 27
98 4 14
98 9 54
98 10 44
98 12 31
98 12 43
98 22 0
98 24 0
98 24 38
98 25 33
98 32 25
98 35 34
98 36 55
98 37 33
98 42 34
98 43 13
98 44 30
98 45 22
98 47 51
98 53 42
98 54 28
98 54 31
98 58 12
