1
15
8
2
13
15
11
12
11
15
15
16
14
14
14
10
15
13
23
12
9
15
9
12
11
12
11
9
8
14
11
10
10
11
8
12
8
11
13
20
12
11
13
13
10
6
10
18
16
13
5
15
12
7
4
14
13
12
19
15
8
8
11
10
12
12
10
12
18
12
11
9
16
13
15
12
11
10
18
13
12
9
8
17
10
13
14
15
15
17
16
9
12
11
9
17
16
11
13
14
12
17
12
9
8
11
6
18
7
11
12
8
15
11
16
9
9
9
7
14
13
15
11
12
10
10
14
15
7
12
11
8
15
12
10
9
13
14
12
14
14
15
13
11
14
11
12
11
14
13
6
17
13
6
10
15
19
12
14
13
6
19
13
9
7
9
10
11
13
9
13
13
3
8
10
9
17
11
19
5
17
13
11
9
11
14
15
12
15
13
16
12
13
18
21
19
14
9
15
16
10
9
10
22
9
12
12
12
12
14
15
10
12
11
16
14
13
16
10
12
12
14
14
9
9
8
13
23
15
8
9
17
11
14
10
14
8
17
12
14
13
10
10
10
10
17
22
14
6
10
14
9
10
21
7
6
10
14
8
10
10
10
7
13
12
11
14
15
11
10
9
8
11
10
12
11
10
12
7
10
17
5
13
11
15
10
11
14
19
10
8
12
9
12
13
13
8
9
10
7
8
14
11
8
8
13
9
12
13
10
18
13
10
12
10
13
18
7
8
13
17
11
17
14
12
11
17
12
11
10
16
19
9
14
13
13
7
18
6
14
13
11
10
13
14
15
12
9
7
12
14
9
11
11
14
16
7
11
14
17
11
10
11
13
9
14
13
11
8
9
11
10
8
10
8
12
15
11
15
10
6
13
16
10
8
9
9
11
15
6
14
11
11
10
20
12
16
12
14
7
19
11
12
13
10
14
10
8
14
12
13
12
12
8
10
15
12
17
13
14
11
17
10
12
14
9
7
12
9
17
13
9
16
8
10
10
12
4
14
11
6
18
9
9
8
16
18
7
15
10
14
10
7
5
9
18
9
10
16
10
13
7
8
8
13
10
11
12
10
15
13
15
9
9
16
13
15
9
7
13
7
12
14
14
12
17
12
7
12
6
15
17
6
14
8
10
14
12
15
16
10
14
9
11
14
16
8
16
12
9
12
8
10
8
13
10
16
11
11
12
11
5
7
11
10
14
14
13
9
10
13
15
11
18
11
11
8
15
11
13
11
10
14
13
9
17
11
6
8
11
12
14
10
10
12
14
8
7
15
12
9
17
13
12
12
9
13
10
6
5
13
16
5
10
16
9
14
8
10
10
6
15
11
11
10
14
8
9
13
14
7
11
12
15
9
15
7
9
14
14
7
9
9
4
13
10
9
13
7
12
7
11
14
13
13
9
8
11
13
8
9
9
13
12
10
12
12
12
11
12
11
12
5
10
10
13
11
9
15
14
11
10
4
6
6
9
8
14
13
10
7
6
6
10
11
11
11
13
10
14
11
11
9
12
5
3
9
13
11
7
8
9
8
5
12
6
8
7
8
11
7
10
6
10
11
9
7
10
12
10
10
9
6
11
6
8
13
9
5
12
11
10
5
7
5
10
9
7
8
10
6
7
4
4
9
7
6
9
6
8
8
7
5
6
5
4
5
4
3
3
2
